


ARM Macro Assembler    Page 1 


    1 00000000         ; main.s
    2 00000000         ; Runs on LM3S1968
    3 00000000         ; Project files adapted from:
    4 00000000         ; Daniel Valvano
    5 00000000         ; May 4, 2012
    6 00000000         
    7 00000000                 THUMB
    8 00000000                 AREA             |.text|, CODE, READONLY, ALIGN=
2
    9 00000000         
   10 00000000         ; offsets
   11 00000000         
   12 00000000         ; GPIO
   13 00000000 000003FC 
                       GPIODATA
                               EQU              0x3FC
   14 00000000 00000400 
                       GPIODIR EQU              0x400
   15 00000000 00000404 
                       GPIOIS  EQU              0x404
   16 00000000 00000408 
                       GPIOIBE EQU              0x408
   17 00000000 0000040C 
                       GPIOIEV EQU              0x40C
   18 00000000 00000410 
                       GPIOIM  EQU              0x410
   19 00000000 00000414 
                       GPIORIS EQU              0x414
   20 00000000 00000418 
                       GPIOMIS EQU              0x418
   21 00000000 00000500 
                       GPIODR2R
                               EQU              0x500
   22 00000000 00000504 
                       GPIODR4R
                               EQU              0x504
   23 00000000 00000508 
                       GPIODR8R
                               EQU              0x508
   24 00000000 0000050C 
                       GPIOODR EQU              0x50C
   25 00000000 00000510 
                       GPIOPUR EQU              0x510
   26 00000000 00000514 
                       GPIOPDR EQU              0x514
   27 00000000 0000051C 
                       GPIODEN EQU              0x51C
   28 00000000 00000520 
                       GPIOLOCK
                               EQU              0x520
   29 00000000 00000524 
                       GPIOCR  EQU              0x524
   30 00000000         
   31 00000000         ; ADC
   32 00000000 00000000 
                       ADCACTSS
                               EQU              0x000
   33 00000000 00000004 
                       ADCRIS  EQU              0x004



ARM Macro Assembler    Page 2 


   34 00000000 00000008 
                       ADCIM   EQU              0x008
   35 00000000 0000000C 
                       ADCISC  EQU              0x00C
   36 00000000 00000010 
                       ADCOSTAT
                               EQU              0x010
   37 00000000 00000014 
                       ADCEMUX EQU              0x014
   38 00000000 00000018 
                       ADCUSTAT
                               EQU              0x018
   39 00000000 00000020 
                       ADCSSPRI
                               EQU              0x020
   40 00000000 00000028 
                       ADCPSSI EQU              0x028
   41 00000000 00000030 
                       ADCSAC  EQU              0x030
   42 00000000 00000040 
                       ADCSSMUX0
                               EQU              0x040
   43 00000000 00000044 
                       ADCSSCTL0
                               EQU              0x044
   44 00000000 00000048 
                       ADCSSFIFO0
                               EQU              0x048
   45 00000000 0000004C 
                       ADCSSFSTAT0
                               EQU              0x04C
   46 00000000 00000060 
                       ADCSSMUX1
                               EQU              0x060
   47 00000000 00000064 
                       ADCSSCTL1
                               EQU              0x064
   48 00000000 00000068 
                       ADCSSFIFO1
                               EQU              0x068
   49 00000000 0000006C 
                       ADCSSFSTAT1
                               EQU              0x06C
   50 00000000 00000080 
                       ADCSSMUX2
                               EQU              0x080
   51 00000000 00000084 
                       ADCSSCTL2
                               EQU              0x084
   52 00000000 00000088 
                       ADCSSFIFO2
                               EQU              0x088
   53 00000000 0000008C 
                       ADCSSFSTAT2
                               EQU              0x08C
   54 00000000 000000A0 
                       ADCSSMUX3
                               EQU              0x0A0
   55 00000000 000000A4 



ARM Macro Assembler    Page 3 


                       ADCSSCTL3
                               EQU              0x0A4
   56 00000000 000000A8 
                       ADCSSFIFO3
                               EQU              0x0A8
   57 00000000 000000AC 
                       ADCSSFSTAT3
                               EQU              0x0AC
   58 00000000 00000100 
                       ADCTMLB EQU              0x100
   59 00000000         
   60 00000000         ; SYSCTL
   61 00000000 400FE108 
                       RCGCGPIO
                               DCD              0x400FE108
   62 00000004 400FE100 
                       RCGC0   DCD              0x400FE100
   63 00000008         
   64 00000008         ; base addrs
   65 00000008         
   66 00000008         ; GPIO
   67 00000008 40004000 
                       GPIOA   DCD              0x40004000
   68 0000000C 40005000 
                       GPIOB   DCD              0x40005000
   69 00000010 40006000 
                       GPIOC   DCD              0x40006000
   70 00000014 40007000 
                       GPIOD   DCD              0x40007000
   71 00000018 40024000 
                       GPIOE   DCD              0x40024000
   72 0000001C 40025000 
                       GPIOF   DCD              0x40025000
   73 00000020         
   74 00000020         ; ADC
   75 00000020 40038000 
                       ADCBASE DCD              0x40038000
   76 00000024         
   77 00000024         ;project specific defines
   78 00000024 2000C000 
                       MEMLOC  DCD              0x2000C000
   79 00000028 00010000 
                       ADCCLKSET
                               DCD              0x10000
   80 0000002C 00000001 
                       GPIOCLKSET
                               DCD              0x01
   81 00000030 00000000 
                       PORTAOUTSET
                               DCD              0x00
   82 00000034 00000001 
                       PORTAINSET
                               DCD              0x01
   83 00000038         
   84 00000038                 EXPORT           Start
   85 00000038         
   86 00000038         ; Because the input from the comparator is not given a s
                       pecific port,
   87 00000038         ; assume it is attached to PA0



ARM Macro Assembler    Page 4 


   88 00000038         
   89 00000038         ; Let Vi be attached to the adc0 input pin
   90 00000038         ; (pin 1 on the 100LQFP footprint; see page 394-395 of t
                       he datasheet).
   91 00000038         Start
   92 00000038         ; enable clock for GPIO
   93 00000038 F85F 003C       LDR              r0, RCGCGPIO
   94 0000003C F85F 1014       LDR              r1, GPIOCLKSET
   95 00000040 6001            STR              r1, [r0]
   96 00000042         
   97 00000042         ; enable clock for ADC0
   98 00000042 F85F 0040       LDR              r0, RCGC0
   99 00000046 F85F 1020       LDR              r1, ADCCLKSET
  100 0000004A 6001            STR              r1, [r0]
  101 0000004C         
  102 0000004C         ; initialize GPIOA
  103 0000004C F85F 0048       LDR              r0, GPIOA
  104 00000050 F85F 1024       LDR              r1, PORTAOUTSET
  105 00000054 F85F 2024       LDR              r2, PORTAINSET
  106 00000058 F000 F821       BL               GPIO_init
  107 0000005C         
  108 0000005C         ; initialize ADC0
  109 0000005C F000 F82C       BL               ADC_init
  110 00000060         
  111 00000060         ; continuously determine analog value through Successive
                        Approximation Conversion
  112 00000060         ; r2 stores current code
  113 00000060         SAC
  114 00000060         ; check if PA0 is 0 (DAC greater than)
  115 00000060 F85F 005C       LDR              r0, GPIOA
  116 00000064 F8D0 13FC       LDR              r1, [r0, #GPIODATA]
  117 00000068 2900            CMP              r1, #0x00
  118 0000006A D005            BEQ              checkADC
  119 0000006C         
  120 0000006C         ; add one to current code and store
  121 0000006C F102 0201       ADD              r2, #1
  122 00000070 F85F 0050       LDR              r0, MEMLOC
  123 00000074 6002            STR              r2, [r0]
  124 00000076         
  125 00000076 E7F3            B                SAC         ; wash, rinse, recu
                                                            rse
  126 00000078         
  127 00000078         ; check to see if current code is equal to ADC
  128 00000078         checkADC
  129 00000078         ; begin ADC sequence 0
  130 00000078 F85F 005C       LDR              r0, ADCBASE
  131 0000007C F04F 0101       MOV              r1, #0x01
  132 00000080 6281            STR              r1, [r0, #ADCPSSI]
  133 00000082         
  134 00000082         ; wait for conversion to finish
  135 00000082         conversionComplete
  136 00000082 6841            LDR              r1, [r0, #ADCRIS]
  137 00000084 2901            CMP              r1, #0x01
  138 00000086 D1FC            BNE              conversionComplete
  139 00000088         
  140 00000088         compareSAC
  141 00000088         ; clear interrupt
  142 00000088 F04F 0101       MOV              r1, #0x01
  143 0000008C 60C1            STR              r1, [r0, #ADCISC]



ARM Macro Assembler    Page 5 


  144 0000008E         
  145 0000008E         ; compare ADC to SAC
  146 0000008E 6C81            LDR              r1, [r0, #ADCSSFIFO0]
  147 00000090 4291            CMP              r1, r2
  148 00000092         ; compare is equivalent, routine is finished
  149 00000092 D002            BEQ              pushCode
  150 00000094         
  151 00000094         ; compare failed, reset and start again
  152 00000094 F04F 0200       MOV              r2, #0x00
  153 00000098 E7E2            B                SAC
  154 0000009A         
  155 0000009A         ; push code to stack, return from function
  156 0000009A         pushCode
  157 0000009A B404            PUSH{r2}
  158 0000009C E01A            B                Fin
  159 0000009E         
  160 0000009E         ; r0 stores base address, r1 stores out val, r2 stores i
                       n val, r3 will store the or of the two
  161 0000009E         GPIO_init
  162 0000009E EA42 0301       ORR              r3, r2, r1  ; store active pins
                                                            
  163 000000A2 F8C0 1400       STR              r1, [r0, #GPIODIR] 
                                                            ; set directions
  164 000000A6 F8C0 3500       STR              r3, [r0, #GPIODR2R] 
                                                            ; set power (2mA)
  165 000000AA F8C0 150C       STR              r1, [r0, #GPIOODR] ; set output
                                                            s open drain
  166 000000AE F8C0 2510       STR              r2, [r0, #GPIOPUR] ; set inputs
                                                             to pull ups
  167 000000B2 F8C0 351C       STR              r3, [r0, #GPIODEN] 
                                                            ; enable pins
  168 000000B6 4770            BX               lr
  169 000000B8         
  170 000000B8         
  171 000000B8         ADC_init
  172 000000B8 F85F 009C       LDR              r0, ADCBASE
  173 000000BC F04F 0100       MOV              r1, #0x00   ; disable ADC
  174 000000C0 6001            STR              r1, [r0, #ADCACTSS]
  175 000000C2 F04F 0100       MOV              r1, #0x0
  176 000000C6 6141            STR              r1, [r0, #ADCEMUX] 
                                                            ; software trigger
  177 000000C8 6401            STR              r1, [r0, #ADCSSMUX0] 
                                                            ; input source
  178 000000CA 6441            STR              r1, [r0, #ADCSSCTL0] ; sample c
                                                            ontrol bits
  179 000000CC F04F 0101       MOV              r1, #0x01   ; enable ADC0
  180 000000D0 6001            STR              r1, [r0, #ADCACTSS]
  181 000000D2 4770            BX               lr
  182 000000D4         
  183 000000D4         Fin
  184 000000D4 E7FE            B                Fin
  185 000000D6         
  186 000000D6 00 00           ALIGN
  187 000000D8                 END
Command Line: --debug --xref --cpu=Cortex-M3 --apcs=interwork --depend=.\main.d
 -o.\main.o -IC:\Keil\ARM\RV31\INC -IC:\Keil\ARM\CMSIS\Include -IC:\Keil\ARM\In
c\Luminary --predefine="__EVAL SETA 1" --list=.\main.lst main.s



ARM Macro Assembler    Page 1 Alphabetic symbol ordering
Relocatable symbols

.text 00000000

Symbol: .text
   Definitions
      At line 8 in file main.s
   Uses
      None
Comment: .text unused
ADCBASE 00000020

Symbol: ADCBASE
   Definitions
      At line 75 in file main.s
   Uses
      At line 130 in file main.s
      At line 172 in file main.s

ADCCLKSET 00000028

Symbol: ADCCLKSET
   Definitions
      At line 79 in file main.s
   Uses
      At line 99 in file main.s
Comment: ADCCLKSET used once
ADC_init 000000B8

Symbol: ADC_init
   Definitions
      At line 171 in file main.s
   Uses
      At line 109 in file main.s
Comment: ADC_init used once
Fin 000000D4

Symbol: Fin
   Definitions
      At line 183 in file main.s
   Uses
      At line 158 in file main.s
      At line 184 in file main.s

GPIOA 00000008

Symbol: GPIOA
   Definitions
      At line 67 in file main.s
   Uses
      At line 103 in file main.s
      At line 115 in file main.s

GPIOB 0000000C

Symbol: GPIOB
   Definitions
      At line 68 in file main.s
   Uses
      None
Comment: GPIOB unused



ARM Macro Assembler    Page 2 Alphabetic symbol ordering
Relocatable symbols

GPIOC 00000010

Symbol: GPIOC
   Definitions
      At line 69 in file main.s
   Uses
      None
Comment: GPIOC unused
GPIOCLKSET 0000002C

Symbol: GPIOCLKSET
   Definitions
      At line 80 in file main.s
   Uses
      At line 94 in file main.s
Comment: GPIOCLKSET used once
GPIOD 00000014

Symbol: GPIOD
   Definitions
      At line 70 in file main.s
   Uses
      None
Comment: GPIOD unused
GPIOE 00000018

Symbol: GPIOE
   Definitions
      At line 71 in file main.s
   Uses
      None
Comment: GPIOE unused
GPIOF 0000001C

Symbol: GPIOF
   Definitions
      At line 72 in file main.s
   Uses
      None
Comment: GPIOF unused
GPIO_init 0000009E

Symbol: GPIO_init
   Definitions
      At line 161 in file main.s
   Uses
      At line 106 in file main.s
Comment: GPIO_init used once
MEMLOC 00000024

Symbol: MEMLOC
   Definitions
      At line 78 in file main.s
   Uses
      At line 122 in file main.s
Comment: MEMLOC used once
PORTAINSET 00000034

Symbol: PORTAINSET



ARM Macro Assembler    Page 3 Alphabetic symbol ordering
Relocatable symbols

   Definitions
      At line 82 in file main.s
   Uses
      At line 105 in file main.s
Comment: PORTAINSET used once
PORTAOUTSET 00000030

Symbol: PORTAOUTSET
   Definitions
      At line 81 in file main.s
   Uses
      At line 104 in file main.s
Comment: PORTAOUTSET used once
RCGC0 00000004

Symbol: RCGC0
   Definitions
      At line 62 in file main.s
   Uses
      At line 98 in file main.s
Comment: RCGC0 used once
RCGCGPIO 00000000

Symbol: RCGCGPIO
   Definitions
      At line 61 in file main.s
   Uses
      At line 93 in file main.s
Comment: RCGCGPIO used once
SAC 00000060

Symbol: SAC
   Definitions
      At line 113 in file main.s
   Uses
      At line 125 in file main.s
      At line 153 in file main.s

Start 00000038

Symbol: Start
   Definitions
      At line 91 in file main.s
   Uses
      At line 84 in file main.s
Comment: Start used once
checkADC 00000078

Symbol: checkADC
   Definitions
      At line 128 in file main.s
   Uses
      At line 118 in file main.s
Comment: checkADC used once
compareSAC 00000088

Symbol: compareSAC
   Definitions
      At line 140 in file main.s



ARM Macro Assembler    Page 4 Alphabetic symbol ordering
Relocatable symbols

   Uses
      None
Comment: compareSAC unused
conversionComplete 00000082

Symbol: conversionComplete
   Definitions
      At line 135 in file main.s
   Uses
      At line 138 in file main.s
Comment: conversionComplete used once
pushCode 0000009A

Symbol: pushCode
   Definitions
      At line 156 in file main.s
   Uses
      At line 149 in file main.s
Comment: pushCode used once
24 symbols



ARM Macro Assembler    Page 1 Alphabetic symbol ordering
Absolute symbols

ADCACTSS 00000000

Symbol: ADCACTSS
   Definitions
      At line 32 in file main.s
   Uses
      At line 174 in file main.s
      At line 180 in file main.s

ADCEMUX 00000014

Symbol: ADCEMUX
   Definitions
      At line 37 in file main.s
   Uses
      At line 176 in file main.s
Comment: ADCEMUX used once
ADCIM 00000008

Symbol: ADCIM
   Definitions
      At line 34 in file main.s
   Uses
      None
Comment: ADCIM unused
ADCISC 0000000C

Symbol: ADCISC
   Definitions
      At line 35 in file main.s
   Uses
      At line 143 in file main.s
Comment: ADCISC used once
ADCOSTAT 00000010

Symbol: ADCOSTAT
   Definitions
      At line 36 in file main.s
   Uses
      None
Comment: ADCOSTAT unused
ADCPSSI 00000028

Symbol: ADCPSSI
   Definitions
      At line 40 in file main.s
   Uses
      At line 132 in file main.s
Comment: ADCPSSI used once
ADCRIS 00000004

Symbol: ADCRIS
   Definitions
      At line 33 in file main.s
   Uses
      At line 136 in file main.s
Comment: ADCRIS used once
ADCSAC 00000030




ARM Macro Assembler    Page 2 Alphabetic symbol ordering
Absolute symbols

Symbol: ADCSAC
   Definitions
      At line 41 in file main.s
   Uses
      None
Comment: ADCSAC unused
ADCSSCTL0 00000044

Symbol: ADCSSCTL0
   Definitions
      At line 43 in file main.s
   Uses
      At line 178 in file main.s
Comment: ADCSSCTL0 used once
ADCSSCTL1 00000064

Symbol: ADCSSCTL1
   Definitions
      At line 47 in file main.s
   Uses
      None
Comment: ADCSSCTL1 unused
ADCSSCTL2 00000084

Symbol: ADCSSCTL2
   Definitions
      At line 51 in file main.s
   Uses
      None
Comment: ADCSSCTL2 unused
ADCSSCTL3 000000A4

Symbol: ADCSSCTL3
   Definitions
      At line 55 in file main.s
   Uses
      None
Comment: ADCSSCTL3 unused
ADCSSFIFO0 00000048

Symbol: ADCSSFIFO0
   Definitions
      At line 44 in file main.s
   Uses
      At line 146 in file main.s
Comment: ADCSSFIFO0 used once
ADCSSFIFO1 00000068

Symbol: ADCSSFIFO1
   Definitions
      At line 48 in file main.s
   Uses
      None
Comment: ADCSSFIFO1 unused
ADCSSFIFO2 00000088

Symbol: ADCSSFIFO2
   Definitions
      At line 52 in file main.s



ARM Macro Assembler    Page 3 Alphabetic symbol ordering
Absolute symbols

   Uses
      None
Comment: ADCSSFIFO2 unused
ADCSSFIFO3 000000A8

Symbol: ADCSSFIFO3
   Definitions
      At line 56 in file main.s
   Uses
      None
Comment: ADCSSFIFO3 unused
ADCSSFSTAT0 0000004C

Symbol: ADCSSFSTAT0
   Definitions
      At line 45 in file main.s
   Uses
      None
Comment: ADCSSFSTAT0 unused
ADCSSFSTAT1 0000006C

Symbol: ADCSSFSTAT1
   Definitions
      At line 49 in file main.s
   Uses
      None
Comment: ADCSSFSTAT1 unused
ADCSSFSTAT2 0000008C

Symbol: ADCSSFSTAT2
   Definitions
      At line 53 in file main.s
   Uses
      None
Comment: ADCSSFSTAT2 unused
ADCSSFSTAT3 000000AC

Symbol: ADCSSFSTAT3
   Definitions
      At line 57 in file main.s
   Uses
      None
Comment: ADCSSFSTAT3 unused
ADCSSMUX0 00000040

Symbol: ADCSSMUX0
   Definitions
      At line 42 in file main.s
   Uses
      At line 177 in file main.s
Comment: ADCSSMUX0 used once
ADCSSMUX1 00000060

Symbol: ADCSSMUX1
   Definitions
      At line 46 in file main.s
   Uses
      None
Comment: ADCSSMUX1 unused



ARM Macro Assembler    Page 4 Alphabetic symbol ordering
Absolute symbols

ADCSSMUX2 00000080

Symbol: ADCSSMUX2
   Definitions
      At line 50 in file main.s
   Uses
      None
Comment: ADCSSMUX2 unused
ADCSSMUX3 000000A0

Symbol: ADCSSMUX3
   Definitions
      At line 54 in file main.s
   Uses
      None
Comment: ADCSSMUX3 unused
ADCSSPRI 00000020

Symbol: ADCSSPRI
   Definitions
      At line 39 in file main.s
   Uses
      None
Comment: ADCSSPRI unused
ADCTMLB 00000100

Symbol: ADCTMLB
   Definitions
      At line 58 in file main.s
   Uses
      None
Comment: ADCTMLB unused
ADCUSTAT 00000018

Symbol: ADCUSTAT
   Definitions
      At line 38 in file main.s
   Uses
      None
Comment: ADCUSTAT unused
GPIOCR 00000524

Symbol: GPIOCR
   Definitions
      At line 29 in file main.s
   Uses
      None
Comment: GPIOCR unused
GPIODATA 000003FC

Symbol: GPIODATA
   Definitions
      At line 13 in file main.s
   Uses
      At line 116 in file main.s
Comment: GPIODATA used once
GPIODEN 0000051C

Symbol: GPIODEN



ARM Macro Assembler    Page 5 Alphabetic symbol ordering
Absolute symbols

   Definitions
      At line 27 in file main.s
   Uses
      At line 167 in file main.s
Comment: GPIODEN used once
GPIODIR 00000400

Symbol: GPIODIR
   Definitions
      At line 14 in file main.s
   Uses
      At line 163 in file main.s
Comment: GPIODIR used once
GPIODR2R 00000500

Symbol: GPIODR2R
   Definitions
      At line 21 in file main.s
   Uses
      At line 164 in file main.s
Comment: GPIODR2R used once
GPIODR4R 00000504

Symbol: GPIODR4R
   Definitions
      At line 22 in file main.s
   Uses
      None
Comment: GPIODR4R unused
GPIODR8R 00000508

Symbol: GPIODR8R
   Definitions
      At line 23 in file main.s
   Uses
      None
Comment: GPIODR8R unused
GPIOIBE 00000408

Symbol: GPIOIBE
   Definitions
      At line 16 in file main.s
   Uses
      None
Comment: GPIOIBE unused
GPIOIEV 0000040C

Symbol: GPIOIEV
   Definitions
      At line 17 in file main.s
   Uses
      None
Comment: GPIOIEV unused
GPIOIM 00000410

Symbol: GPIOIM
   Definitions
      At line 18 in file main.s
   Uses



ARM Macro Assembler    Page 6 Alphabetic symbol ordering
Absolute symbols

      None
Comment: GPIOIM unused
GPIOIS 00000404

Symbol: GPIOIS
   Definitions
      At line 15 in file main.s
   Uses
      None
Comment: GPIOIS unused
GPIOLOCK 00000520

Symbol: GPIOLOCK
   Definitions
      At line 28 in file main.s
   Uses
      None
Comment: GPIOLOCK unused
GPIOMIS 00000418

Symbol: GPIOMIS
   Definitions
      At line 20 in file main.s
   Uses
      None
Comment: GPIOMIS unused
GPIOODR 0000050C

Symbol: GPIOODR
   Definitions
      At line 24 in file main.s
   Uses
      At line 165 in file main.s
Comment: GPIOODR used once
GPIOPDR 00000514

Symbol: GPIOPDR
   Definitions
      At line 26 in file main.s
   Uses
      None
Comment: GPIOPDR unused
GPIOPUR 00000510

Symbol: GPIOPUR
   Definitions
      At line 25 in file main.s
   Uses
      At line 166 in file main.s
Comment: GPIOPUR used once
GPIORIS 00000414

Symbol: GPIORIS
   Definitions
      At line 19 in file main.s
   Uses
      None
Comment: GPIORIS unused
44 symbols



ARM Macro Assembler    Page 7 Alphabetic symbol ordering
Absolute symbols

399 symbols in table
