


ARM Macro Assembler    Page 1 


    1 00000000         ; main.s
    2 00000000         ; Runs on any Cortex M processor
    3 00000000         
    4 00000000                 THUMB
    5 00000000                 AREA             DATA, ALIGN=2
    6 00000000                 ALIGN
    7 00000000                 AREA             |.text|, CODE, READONLY, ALIGN=
2
    8 00000000                 EXPORT           Start
    9 00000000         
   10 00000000         ; offsets
   11 00000000 000003FC 
                       GPIODATA
                               EQU              0x3FC
   12 00000000 00000400 
                       GPIODIR EQU              0x400
   13 00000000 00000404 
                       GPIOIS  EQU              0x404
   14 00000000 00000408 
                       GPIOIBE EQU              0x408
   15 00000000 0000040C 
                       GPIOIEV EQU              0x40C
   16 00000000 00000410 
                       GPIOIM  EQU              0x410
   17 00000000 00000414 
                       GPIORIS EQU              0x414
   18 00000000 00000418 
                       GPIOMIS EQU              0x418
   19 00000000 00000420 
                       GPIOAFSEL
                               EQU              0x420
   20 00000000 00000500 
                       GPIODR2R
                               EQU              0x500
   21 00000000 00000504 
                       GPIODR4R
                               EQU              0x504
   22 00000000 00000508 
                       GPIODR8R
                               EQU              0x508
   23 00000000 0000050C 
                       GPIOODR EQU              0x50C
   24 00000000 00000510 
                       GPIOPUR EQU              0x510
   25 00000000 00000514 
                       GPIOPDR EQU              0x514
   26 00000000 0000051C 
                       GPIODEN EQU              0x51C
   27 00000000 00000520 
                       GPIOLOCK
                               EQU              0x520
   28 00000000 00000524 
                       GPIOCR  EQU              0x524
   29 00000000         
   30 00000000         ; Timer
   31 00000000 00000000 
                       GPTMCFG EQU              0x000       ; GPTM config
   32 00000000 00000004 
                       GPTMTAMR



ARM Macro Assembler    Page 2 


                               EQU              0x004       ; Timer A mode
   33 00000000 00000008 
                       GPTMTBMR
                               EQU              0x008       ; Timer B mode
   34 00000000 0000000C 
                       GPTMCTL EQU              0x00C       ; GPTM control
   35 00000000 00000018 
                       GPTMIMR EQU              0x018       ; interrupt mask
   36 00000000 0000001C 
                       GPTMRIS EQU              0x01C       ; interrupt status
   37 00000000 00000024 
                       GPTMICR EQU              0x024       ; interrupt clear
   38 00000000 00000028 
                       GPTMTAILR
                               EQU              0x028       ; Timer A interval
   39 00000000 0000002C 
                       GPTMTBLRR
                               EQU              0x02C       ; Timer b interval
   40 00000000 00000048 
                       GPTMTAR EQU              0x048
   41 00000000         
   42 00000000         ; sysctl
   43 00000000 00000050 
                       RIS     EQU              0x050
   44 00000000 00000054 
                       IMC     EQU              0x054
   45 00000000 00000058 
                       MISC    EQU              0x058
   46 00000000 00000060 
                       RCC     EQU              0x060
   47 00000000 00000064 
                       PLLCFG  EQU              0x064
   48 00000000 00000070 
                       RCC2    EQU              0x070
   49 00000000 00000100 
                       RCGC0   EQU              0x100
   50 00000000 00000104 
                       RCGC1   EQU              0x104
   51 00000000 00000108 
                       RCGC2   EQU              0x108
   52 00000000         
   53 00000000         ; base addrs
   54 00000000         
   55 00000000         ; GPIO
   56 00000000 40004000 
                       GPIOA   DCD              0x40004000
   57 00000004 40005000 
                       GPIOB   DCD              0x40005000
   58 00000008 40006000 
                       GPIOC   DCD              0x40006000
   59 0000000C 40007000 
                       GPIOD   DCD              0x40007000
   60 00000010 40024000 
                       GPIOE   DCD              0x40024000
   61 00000014 40025000 
                       GPIOF   DCD              0x40025000
   62 00000018         
   63 00000018         ; timers
   64 00000018 40030000 



ARM Macro Assembler    Page 3 


                       GPTM0   DCD              0x40030000
   65 0000001C 40031000 
                       GPTM1   DCD              0x40031000
   66 00000020 40032000 
                       GPTM2   DCD              0x40032000
   67 00000024 40033000 
                       GPTM3   DCD              0x40033000
   68 00000028         
   69 00000028         ; sysctl
   70 00000028 400FE000 
                       SYSCTL  DCD              0x400FE000
   71 0000002C         
   72 0000002C         ; application specific defines
   73 0000002C 20000404 
                       TIMEOUTCOUNT
                               DCD              0x20000404
   74 00000030 20000408 
                       LIGHT_STATE
                               DCD              0x20000408
   75 00000034 00000000 
                       RED_STATE
                               EQU              0x00        ; red->green
   76 00000034 00000001 
                       GREEN_STATE
                               EQU              0x01        ; green->yellow
   77 00000034 00000002 
                       YELLOW_STATE
                               EQU              0x02        ; yellow->red
   78 00000034 00000001 
                       RED_LIGHT
                               EQU              0x01
   79 00000034 00000004 
                       YELLOW_LIGHT
                               EQU              0x04
   80 00000034 00000002 
                       GREEN_LIGHT
                               EQU              0x02
   81 00000034         
   82 00000034         
   83 00000034         ; red->PC.0, green->PC.1, yellow->PC.2
   84 00000034         ; 5KHz square->PB.0
   85 00000034         
   86 00000034         Start
   87 00000034         ; enable clocking to GPIOB:C
   88 00000034 F85F 0010       LDR              r0, SYSCTL
   89 00000038 F04F 0106       MOV              r1, #0x06
   90 0000003C F8C0 1108       STR              r1, [r0, #RCGC2]
   91 00000040         
   92 00000040         ; enable clocking to TMR0
   93 00000040 F44F 3180       MOV              r1, #0x10000
   94 00000044 F8C0 1104       STR              r1, [r0, #RCGC1]
   95 00000048         
   96 00000048         ; enable digital output on PC.0:2
   97 00000048 F85F 0044       LDR              r0, GPIOC
   98 0000004C F04F 0107       MOV              r1, #0x07
   99 00000050 F04F 0200       MOV              r2, #0x00
  100 00000054 F000 F815       BL               GPIO_init
  101 00000058         
  102 00000058         ; enable AF on PB.0



ARM Macro Assembler    Page 4 


  103 00000058 F85F 0058       LDR              r0, GPIOB
  104 0000005C F04F 0101       MOV              r1, #0x01
  105 00000060 F8C0 1420       STR              r1, [r0, #GPIOAFSEL]
  106 00000064         
  107 00000064         ; enable GPTM0/A edge count mode
  108 00000064 F85F 0050       LDR              r0, GPTM0
  109 00000068 F246 11A8       MOV              r1, #25000
  110 0000006C F000 F816       BL               GPTM_Edge_Count_init
  111 00000070         
  112 00000070         ; initialize vars
  113 00000070 F04F 0100       MOV              r1, #0x00
  114 00000074 F85F 004C       LDR              r0, TIMEOUTCOUNT
  115 00000078 6001            STR              r1, [r0]
  116 0000007A         
  117 0000007A F85F 004C       LDR              r0, LIGHT_STATE
  118 0000007E 6001            STR              r1, [r0]
  119 00000080         
  120 00000080         doSomethingUseful
  121 00000080 E7FE            B                doSomethingUseful
  122 00000082         
  123 00000082         GPIO_init                            ; r0 stores base ad
                                                            dress, r1 stores ou
                                                            t val, r2 stores in
                                                             val, r3 will store
                                                             the or of the two
  124 00000082 EA42 0301       ORR              r3, r2, r1  ; store active pins
                                                            
  125 00000086 F8C0 1400       STR              r1, [r0, #GPIODIR] 
                                                            ; set directions
  126 0000008A F8C0 3500       STR              r3, [r0, #GPIODR2R] 
                                                            ; set power (2mA)
  127 0000008E F8C0 150C       STR              r1, [r0, #GPIOODR] ; set output
                                                            s open drain
  128 00000092 F8C0 2514       STR              r2, [r0, #GPIOPDR] ; set inputs
                                                             to pull downs
  129 00000096 F8C0 351C       STR              r3, [r0, #GPIODEN] 
                                                            ; enable pins
  130 0000009A 4770            BX               lr
  131 0000009C         
  132 0000009C         ; r0 stores base address, r1 stores timeout val
  133 0000009C         GPTM_Edge_Count_init
  134 0000009C F04F 0200       MOV              r2, #0x00
  135 000000A0 60C2            STR              r2, [r0, #GPTMCTL]
  136 000000A2         
  137 000000A2 F04F 0204       MOV              r2, #0x04
  138 000000A6 6002            STR              r2, [r0, #GPTMCFG]
  139 000000A8         
  140 000000A8 F04F 0203       MOV              r2, #0x03
  141 000000AC 6042            STR              r2, [r0, #GPTMTAMR]
  142 000000AE         
  143 000000AE 6281            STR              r1, [r0, #GPTMTAILR]
  144 000000B0         
  145 000000B0 F04F 0202       MOV              r2, #0x02
  146 000000B4 6182            STR              r2, [r0, #GPTMIMR]
  147 000000B6         
  148 000000B6 F04F 0201       MOV              r2, #0x01
  149 000000BA 60C2            STR              r2, [r0, #GPTMCTL]
  150 000000BC         
  151 000000BC 4770            BX               lr



ARM Macro Assembler    Page 5 


  152 000000BE         
  153 000000BE         Timer0A_Handler
  154 000000BE         ; clear interrupt
  155 000000BE F85F 00A8       LDR              r0, GPTM0
  156 000000C2 F04F 0101       MOV              r1, #0x01
  157 000000C6 6241            STR              r1, [r0, #GPTMICR]
  158 000000C8         
  159 000000C8         ; increment timeout
  160 000000C8 F85F 00A0       LDR              r0, TIMEOUTCOUNT
  161 000000CC 6801            LDR              r1, [r0]
  162 000000CE F101 0101       ADD              r1, #1
  163 000000D2         
  164 000000D2         ; check state
  165 000000D2 F85F 00A4       LDR              r0, LIGHT_STATE
  166 000000D6 6802            LDR              r2, [r0]
  167 000000D8         
  168 000000D8         ; check if 20 seconds have passed
  169 000000D8 F04F 0300       MOV              r3, #RED_STATE
  170 000000DC 429A            CMP              r2, r3
  171 000000DE BF08            IT               EQ
  172 000000E0 2404            MOVEQ            r4, #4
  173 000000E2         
  174 000000E2         ; check if 5 seconds have passed
  175 000000E2 F04F 0302       MOV              r3, #YELLOW_STATE
  176 000000E6 429A            CMP              r2, r3
  177 000000E8 BF08            IT               EQ
  178 000000EA 2401            MOVEQ            r4, #1
  179 000000EC         
  180 000000EC         ; check if 20 seconds have passed
  181 000000EC F04F 0301       MOV              r3, #GREEN_STATE
  182 000000F0 429A            CMP              r2, r3
  183 000000F2 BF08            IT               EQ
  184 000000F4 2406            MOVEQ            r4, #6
  185 000000F6         
  186 000000F6         ; check timeout against stored compare value
  187 000000F6 42A1            CMP              r1, r4
  188 000000F8 BF04            ITT              EQ
  189 000000FA 3201            ADDEQ            r2, #1      ; increment state
  190 000000FC 2100            MOVEQ            r1, #0
  191 000000FE         
  192 000000FE         ; store timeout count
  193 000000FE F85F 00D4       LDR              r0, TIMEOUTCOUNT
  194 00000102 6001            STR              r1, [r0]
  195 00000104         
  196 00000104         ; check state rollover
  197 00000104 2A03            CMP              r2, #3
  198 00000106 BF08            IT               EQ
  199 00000108 2200            MOVEQ            r2, #0
  200 0000010A         
  201 0000010A         ; store state
  202 0000010A F85F 00DC       LDR              r0, LIGHT_STATE
  203 0000010E 6002            STR              r2, [r0]
  204 00000110         
  205 00000110         ; change light state
  206 00000110 F85F 010C       LDR              r0, GPIOC
  207 00000114         
  208 00000114 2A00            CMP              r2, #RED_STATE
  209 00000116 BF08            IT               EQ
  210 00000118 2101            MOVEQ            r1, #RED_LIGHT



ARM Macro Assembler    Page 6 


  211 0000011A         
  212 0000011A 2A02            CMP              r2, #YELLOW_STATE
  213 0000011C BF08            IT               EQ
  214 0000011E 2104            MOVEQ            r1, #YELLOW_LIGHT
  215 00000120         
  216 00000120 2A01            CMP              r2, #GREEN_STATE
  217 00000122 BF08            IT               EQ
  218 00000124 2102            MOVEQ            r1, #GREEN_LIGHT
  219 00000126         
  220 00000126 F8C0 13FC       STR              r1, [r0, #GPIODATA]
  221 0000012A         
  222 0000012A 4770            BX               lr
  223 0000012C         
  224 0000012C                 ALIGN
  225 0000012C                 END
Command Line: --debug --xref --cpu=Cortex-M3 --apcs=interwork --depend=.\main.d
 -o.\main.o -IC:\Keil\ARM\RV31\INC -IC:\Keil\ARM\CMSIS\Include -IC:\Keil\ARM\In
c\Luminary --predefine="__EVAL SETA 1" --list=.\main.lst main.s



ARM Macro Assembler    Page 1 Alphabetic symbol ordering
Relocatable symbols

DATA 00000000

Symbol: DATA
   Definitions
      At line 5 in file main.s
   Uses
      None
Comment: DATA unused
1 symbol



ARM Macro Assembler    Page 1 Alphabetic symbol ordering
Relocatable symbols

.text 00000000

Symbol: .text
   Definitions
      At line 7 in file main.s
   Uses
      None
Comment: .text unused
GPIOA 00000000

Symbol: GPIOA
   Definitions
      At line 56 in file main.s
   Uses
      None
Comment: GPIOA unused
GPIOB 00000004

Symbol: GPIOB
   Definitions
      At line 57 in file main.s
   Uses
      At line 103 in file main.s
Comment: GPIOB used once
GPIOC 00000008

Symbol: GPIOC
   Definitions
      At line 58 in file main.s
   Uses
      At line 97 in file main.s
      At line 206 in file main.s

GPIOD 0000000C

Symbol: GPIOD
   Definitions
      At line 59 in file main.s
   Uses
      None
Comment: GPIOD unused
GPIOE 00000010

Symbol: GPIOE
   Definitions
      At line 60 in file main.s
   Uses
      None
Comment: GPIOE unused
GPIOF 00000014

Symbol: GPIOF
   Definitions
      At line 61 in file main.s
   Uses
      None
Comment: GPIOF unused
GPIO_init 00000082




ARM Macro Assembler    Page 2 Alphabetic symbol ordering
Relocatable symbols

Symbol: GPIO_init
   Definitions
      At line 123 in file main.s
   Uses
      At line 100 in file main.s
Comment: GPIO_init used once
GPTM0 00000018

Symbol: GPTM0
   Definitions
      At line 64 in file main.s
   Uses
      At line 108 in file main.s
      At line 155 in file main.s

GPTM1 0000001C

Symbol: GPTM1
   Definitions
      At line 65 in file main.s
   Uses
      None
Comment: GPTM1 unused
GPTM2 00000020

Symbol: GPTM2
   Definitions
      At line 66 in file main.s
   Uses
      None
Comment: GPTM2 unused
GPTM3 00000024

Symbol: GPTM3
   Definitions
      At line 67 in file main.s
   Uses
      None
Comment: GPTM3 unused
GPTM_Edge_Count_init 0000009C

Symbol: GPTM_Edge_Count_init
   Definitions
      At line 133 in file main.s
   Uses
      At line 110 in file main.s
Comment: GPTM_Edge_Count_init used once
LIGHT_STATE 00000030

Symbol: LIGHT_STATE
   Definitions
      At line 74 in file main.s
   Uses
      At line 117 in file main.s
      At line 165 in file main.s
      At line 202 in file main.s

SYSCTL 00000028




ARM Macro Assembler    Page 3 Alphabetic symbol ordering
Relocatable symbols

Symbol: SYSCTL
   Definitions
      At line 70 in file main.s
   Uses
      At line 88 in file main.s
Comment: SYSCTL used once
Start 00000034

Symbol: Start
   Definitions
      At line 86 in file main.s
   Uses
      At line 8 in file main.s
Comment: Start used once
TIMEOUTCOUNT 0000002C

Symbol: TIMEOUTCOUNT
   Definitions
      At line 73 in file main.s
   Uses
      At line 114 in file main.s
      At line 160 in file main.s
      At line 193 in file main.s

Timer0A_Handler 000000BE

Symbol: Timer0A_Handler
   Definitions
      At line 153 in file main.s
   Uses
      None
Comment: Timer0A_Handler unused
doSomethingUseful 00000080

Symbol: doSomethingUseful
   Definitions
      At line 120 in file main.s
   Uses
      At line 121 in file main.s
Comment: doSomethingUseful used once
19 symbols



ARM Macro Assembler    Page 1 Alphabetic symbol ordering
Absolute symbols

GPIOAFSEL 00000420

Symbol: GPIOAFSEL
   Definitions
      At line 19 in file main.s
   Uses
      At line 105 in file main.s
Comment: GPIOAFSEL used once
GPIOCR 00000524

Symbol: GPIOCR
   Definitions
      At line 28 in file main.s
   Uses
      None
Comment: GPIOCR unused
GPIODATA 000003FC

Symbol: GPIODATA
   Definitions
      At line 11 in file main.s
   Uses
      At line 220 in file main.s
Comment: GPIODATA used once
GPIODEN 0000051C

Symbol: GPIODEN
   Definitions
      At line 26 in file main.s
   Uses
      At line 129 in file main.s
Comment: GPIODEN used once
GPIODIR 00000400

Symbol: GPIODIR
   Definitions
      At line 12 in file main.s
   Uses
      At line 125 in file main.s
Comment: GPIODIR used once
GPIODR2R 00000500

Symbol: GPIODR2R
   Definitions
      At line 20 in file main.s
   Uses
      At line 126 in file main.s
Comment: GPIODR2R used once
GPIODR4R 00000504

Symbol: GPIODR4R
   Definitions
      At line 21 in file main.s
   Uses
      None
Comment: GPIODR4R unused
GPIODR8R 00000508

Symbol: GPIODR8R



ARM Macro Assembler    Page 2 Alphabetic symbol ordering
Absolute symbols

   Definitions
      At line 22 in file main.s
   Uses
      None
Comment: GPIODR8R unused
GPIOIBE 00000408

Symbol: GPIOIBE
   Definitions
      At line 14 in file main.s
   Uses
      None
Comment: GPIOIBE unused
GPIOIEV 0000040C

Symbol: GPIOIEV
   Definitions
      At line 15 in file main.s
   Uses
      None
Comment: GPIOIEV unused
GPIOIM 00000410

Symbol: GPIOIM
   Definitions
      At line 16 in file main.s
   Uses
      None
Comment: GPIOIM unused
GPIOIS 00000404

Symbol: GPIOIS
   Definitions
      At line 13 in file main.s
   Uses
      None
Comment: GPIOIS unused
GPIOLOCK 00000520

Symbol: GPIOLOCK
   Definitions
      At line 27 in file main.s
   Uses
      None
Comment: GPIOLOCK unused
GPIOMIS 00000418

Symbol: GPIOMIS
   Definitions
      At line 18 in file main.s
   Uses
      None
Comment: GPIOMIS unused
GPIOODR 0000050C

Symbol: GPIOODR
   Definitions
      At line 23 in file main.s
   Uses



ARM Macro Assembler    Page 3 Alphabetic symbol ordering
Absolute symbols

      At line 127 in file main.s
Comment: GPIOODR used once
GPIOPDR 00000514

Symbol: GPIOPDR
   Definitions
      At line 25 in file main.s
   Uses
      At line 128 in file main.s
Comment: GPIOPDR used once
GPIOPUR 00000510

Symbol: GPIOPUR
   Definitions
      At line 24 in file main.s
   Uses
      None
Comment: GPIOPUR unused
GPIORIS 00000414

Symbol: GPIORIS
   Definitions
      At line 17 in file main.s
   Uses
      None
Comment: GPIORIS unused
GPTMCFG 00000000

Symbol: GPTMCFG
   Definitions
      At line 31 in file main.s
   Uses
      At line 138 in file main.s
Comment: GPTMCFG used once
GPTMCTL 0000000C

Symbol: GPTMCTL
   Definitions
      At line 34 in file main.s
   Uses
      At line 135 in file main.s
      At line 149 in file main.s

GPTMICR 00000024

Symbol: GPTMICR
   Definitions
      At line 37 in file main.s
   Uses
      At line 157 in file main.s
Comment: GPTMICR used once
GPTMIMR 00000018

Symbol: GPTMIMR
   Definitions
      At line 35 in file main.s
   Uses
      At line 146 in file main.s
Comment: GPTMIMR used once



ARM Macro Assembler    Page 4 Alphabetic symbol ordering
Absolute symbols

GPTMRIS 0000001C

Symbol: GPTMRIS
   Definitions
      At line 36 in file main.s
   Uses
      None
Comment: GPTMRIS unused
GPTMTAILR 00000028

Symbol: GPTMTAILR
   Definitions
      At line 38 in file main.s
   Uses
      At line 143 in file main.s
Comment: GPTMTAILR used once
GPTMTAMR 00000004

Symbol: GPTMTAMR
   Definitions
      At line 32 in file main.s
   Uses
      At line 141 in file main.s
Comment: GPTMTAMR used once
GPTMTAR 00000048

Symbol: GPTMTAR
   Definitions
      At line 40 in file main.s
   Uses
      None
Comment: GPTMTAR unused
GPTMTBLRR 0000002C

Symbol: GPTMTBLRR
   Definitions
      At line 39 in file main.s
   Uses
      None
Comment: GPTMTBLRR unused
GPTMTBMR 00000008

Symbol: GPTMTBMR
   Definitions
      At line 33 in file main.s
   Uses
      None
Comment: GPTMTBMR unused
GREEN_LIGHT 00000002

Symbol: GREEN_LIGHT
   Definitions
      At line 80 in file main.s
   Uses
      At line 218 in file main.s
Comment: GREEN_LIGHT used once
GREEN_STATE 00000001

Symbol: GREEN_STATE



ARM Macro Assembler    Page 5 Alphabetic symbol ordering
Absolute symbols

   Definitions
      At line 76 in file main.s
   Uses
      At line 181 in file main.s
      At line 216 in file main.s

IMC 00000054

Symbol: IMC
   Definitions
      At line 44 in file main.s
   Uses
      None
Comment: IMC unused
MISC 00000058

Symbol: MISC
   Definitions
      At line 45 in file main.s
   Uses
      None
Comment: MISC unused
PLLCFG 00000064

Symbol: PLLCFG
   Definitions
      At line 47 in file main.s
   Uses
      None
Comment: PLLCFG unused
RCC 00000060

Symbol: RCC
   Definitions
      At line 46 in file main.s
   Uses
      None
Comment: RCC unused
RCC2 00000070

Symbol: RCC2
   Definitions
      At line 48 in file main.s
   Uses
      None
Comment: RCC2 unused
RCGC0 00000100

Symbol: RCGC0
   Definitions
      At line 49 in file main.s
   Uses
      None
Comment: RCGC0 unused
RCGC1 00000104

Symbol: RCGC1
   Definitions
      At line 50 in file main.s



ARM Macro Assembler    Page 6 Alphabetic symbol ordering
Absolute symbols

   Uses
      At line 94 in file main.s
Comment: RCGC1 used once
RCGC2 00000108

Symbol: RCGC2
   Definitions
      At line 51 in file main.s
   Uses
      At line 90 in file main.s
Comment: RCGC2 used once
RED_LIGHT 00000001

Symbol: RED_LIGHT
   Definitions
      At line 78 in file main.s
   Uses
      At line 210 in file main.s
Comment: RED_LIGHT used once
RED_STATE 00000000

Symbol: RED_STATE
   Definitions
      At line 75 in file main.s
   Uses
      At line 169 in file main.s
      At line 208 in file main.s

RIS 00000050

Symbol: RIS
   Definitions
      At line 43 in file main.s
   Uses
      None
Comment: RIS unused
YELLOW_LIGHT 00000004

Symbol: YELLOW_LIGHT
   Definitions
      At line 79 in file main.s
   Uses
      At line 214 in file main.s
Comment: YELLOW_LIGHT used once
YELLOW_STATE 00000002

Symbol: YELLOW_STATE
   Definitions
      At line 77 in file main.s
   Uses
      At line 175 in file main.s
      At line 212 in file main.s

43 symbols
394 symbols in table
