


ARM Macro Assembler    Page 1 


    1 00000000         
    2 00000000                 THUMB
    3 00000000                 AREA             DATA, ALIGN=2
    4 00000000                 ALIGN
    5 00000000                 AREA             |.text|, CODE, READONLY, ALIGN=
2
    6 00000000                 EXPORT           Start
    7 00000000         
    8 00000000 400FE000 
                       SYSCTL  DCD              0x400FE000
    9 00000004 4000C000 
                       UART0   DCD              0x4000C000
   10 00000008 40004000 
                       GPIOA   DCD              0x40004000
   11 0000000C         
   12 0000000C F83FD7FF 
                       RCCMASK DCD              0xF83FD7FF
   13 00000010         
   14 00000010 00000060 
                       RCC     EQU              0x060
   15 00000010 00000070 
                       RCC2    EQU              0x070
   16 00000010 00000104 
                       RCGCUART
                               EQU              0x104
   17 00000010 00000108 
                       RCGCGPIO
                               EQU              0x108
   18 00000010         
   19 00000010         ; gpio
   20 00000010 000003FC 
                       GPIODATA
                               EQU              0x3FC
   21 00000010 00000400 
                       GPIODIR EQU              0x400
   22 00000010 00000404 
                       GPIOIS  EQU              0x404
   23 00000010 00000408 
                       GPIOIBE EQU              0x408
   24 00000010 0000040C 
                       GPIOIEV EQU              0x40C
   25 00000010 00000410 
                       GPIOIM  EQU              0x410
   26 00000010 00000414 
                       GPIORIS EQU              0x414
   27 00000010 00000418 
                       GPIOMIS EQU              0x418
   28 00000010 00000420 
                       GPIOAFSEL
                               EQU              0x420
   29 00000010 00000500 
                       GPIODR2R
                               EQU              0x500
   30 00000010 00000504 
                       GPIODR4R
                               EQU              0x504
   31 00000010 00000508 
                       GPIODR8R
                               EQU              0x508



ARM Macro Assembler    Page 2 


   32 00000010 0000050C 
                       GPIOODR EQU              0x50C
   33 00000010 00000510 
                       GPIOPUR EQU              0x510
   34 00000010 00000514 
                       GPIOPDR EQU              0x514
   35 00000010 0000051C 
                       GPIODEN EQU              0x51C
   36 00000010 00000520 
                       GPIOLOCK
                               EQU              0x520
   37 00000010 00000524 
                       GPIOCR  EQU              0x524
   38 00000010 0000052C 
                       GPIOPCTL
                               EQU              0x52C
   39 00000010         
   40 00000010         ; uart
   41 00000010 00000000 
                       UARTDR  EQU              0x000       ; uart data
   42 00000010 00000004 
                       UARTRSR EQU              0x004       ; recieve status
   43 00000010 00000018 
                       UARTFR  EQU              0x018       ; flag
   44 00000010 00000020 
                       UARTILPR
                               EQU              0x020       ; IrDA low-power re
                                                            gister
   45 00000010 00000024 
                       UARTIBRD
                               EQU              0x024       ; integer baud rate
                                                             divisor
   46 00000010 00000028 
                       UARTFBRD
                               EQU              0x028       ; fractional baud d
                                                            ivisor
   47 00000010 0000002C 
                       UARTLCRH
                               EQU              0x02C       ; line control
   48 00000010 00000030 
                       UARTCTL EQU              0x030       ; control
   49 00000010 00000034 
                       UARTIFLS
                               EQU              0x034       ; interrupt fifo le
                                                            vel select
   50 00000010 00000038 
                       UARTIM  EQU              0x038       ; interrupt mask
   51 00000010 0000003C 
                       UARTRIS EQU              0x03C       ; raw interrupt sta
                                                            tus
   52 00000010 00000040 
                       UARTMIS EQU              0x040       ; masked interrupt 
                                                            status
   53 00000010 00000044 
                       UARTICR EQU              0x044       ; interrupt clear
   54 00000010 00000FC8 
                       UARTCC  EQU              0xFC8       ; clock configurati
                                                            on
   55 00000010         



ARM Macro Assembler    Page 3 


   56 00000010         
   57 00000010         
   58 00000010         Start
   59 00000010         ; set system clock to 15.38 MHz
   60 00000010         ; table 5-5 says BYPASS=0, SYSDIV=0xC
   61 00000010 F85F 0014       LDR              r0, SYSCTL
   62 00000014 6E01            LDR              r1, [r0, #RCC] ; read
   63 00000016 F85F 200C       LDR              r2, RCCMASK
   64 0000001A EA01 0102       AND              r1, r1, r2
   65 0000001E F041 61C8       ORR              r1, #0x6400000 ; modify
   66 00000022 6601            STR              r1, [r0, #RCC] ; write
   67 00000024 BF00            nop
   68 00000026 BF00            nop
   69 00000028         
   70 00000028         ; enable clocking
   71 00000028 F04F 0101       MOV              r1, #0x01
   72 0000002C F8C0 1108       STR              r1, [r0, #RCGCGPIO]
   73 00000030 F8C0 1104       STR              r1, [r0, #RCGCUART]
   74 00000034         
   75 00000034         ; init GPIOA
   76 00000034 F85F 0030       LDR              r0, GPIOA
   77 00000038 F04F 0103       MOV              r1, #0x3    ; UART0 shares pins
                                                             PA0:1
   78 0000003C F8C0 1420       STR              r1, [r0, #GPIOAFSEL]
   79 00000040 F8C0 151C       STR              r1, [r0, #GPIODEN]
   80 00000044         
   81 00000044         ; init UART0
   82 00000044         ; setup for 9600 baud
   83 00000044 F85F 0044       LDR              r0, UART0
   84 00000048 F04F 0100       MOV              r1, #0x0
   85 0000004C 6301            STR              r1, [r0, #UARTCTL]
   86 0000004E         ; set BRD
   87 0000004E         ; BRD=15.38E8/(16*9600)=100.13
   88 0000004E         ; IBRD = 100
   89 0000004E F04F 0164       MOV              r1, #100
   90 00000052 6241            STR              r1, [r0, #UARTIBRD]
   91 00000054         ; IBRD = int(0.13*2^6+0.5) = 8
   92 00000054 F04F 0108       MOV              r1, #8
   93 00000058 6281            STR              r1, [r0, #UARTFBRD]
   94 0000005A         ; 8 bit words, no fifo, no parity
   95 0000005A         ; 0b01100000 = 0x60
   96 0000005A F04F 0160       MOV              r1, #0x060
   97 0000005E 62C1            STR              r1, [r0, #UARTLCRH]
   98 00000060         ; reactivate uart
   99 00000060         ; enable rx, tx, and enable
  100 00000060 F240 3101       MOV              r1, #0x301
  101 00000064 6301            STR              r1, [r0, #UARTCTL]
  102 00000066 BF00            nop
  103 00000068 BF00            nop
  104 0000006A BF00            nop
  105 0000006C         
  106 0000006C F85F 006C       LDR              r0, UART0
  107 00000070         
  108 00000070 E7FF            B                getStream
  109 00000072         
  110 00000072         getStream
  111 00000072 F000 F815       BL               getData
  112 00000076         
  113 00000076         ; first byte is number of bytes to follow



ARM Macro Assembler    Page 4 


  114 00000076 460A            MOV              r2, r1
  115 00000078 F04F 0300       MOV              r3, #0x0
  116 0000007C F04F 0400       MOV              r4, #0x0
  117 00000080 E7FF            B                pushIncoming
  118 00000082         
  119 00000082         ; r2 stores the number of times to iterate, r3 stores th
                       e temp value, r4 stores the bytecount
  120 00000082         pushIncoming
  121 00000082 2C03            CMP              r4, #3
  122 00000084 BF04            ITT              EQ
  123 00000086 B408            PUSHEQ           {r3}
  124 00000088 2300            MOVEQ            r3, #0x0
  125 0000008A         
  126 0000008A         ; check done
  127 0000008A 2A00            CMP              r2, #0
  128 0000008C D00E            BEQ              cleanup
  129 0000008E         
  130 0000008E F000 F807       BL               getData
  131 00000092 EA4F 2303       LSL              r3, #8
  132 00000096 440B            ADD              r3, r3, r1
  133 00000098 F104 0401       ADD              r4, #1
  134 0000009C F1A2 0201       SUB              r2, #1
  135 000000A0         
  136 000000A0         getData
  137 000000A0         ; wait for data
  138 000000A0         ; check for RXFF=1
  139 000000A0 6981            LDR              r1, [r0, #UARTFR]
  140 000000A2 F011 0140       ANDS             r1, #0x40
  141 000000A6 D0FB            BEQ              getData
  142 000000A8         
  143 000000A8 7801            LDRB             r1, [r0]
  144 000000AA         
  145 000000AA 4770            BX               lr
  146 000000AC         
  147 000000AC         cleanup
  148 000000AC F04F 0504       MOV              r5, #4
  149 000000B0 EBA5 0404       SUB              r4, r5, r4
  150 000000B4 2C04            CMP              r4, #4
  151 000000B6 D008            BEQ              Fin
  152 000000B8         
  153 000000B8 F04F 0508       MOV              r5, #8
  154 000000BC 2C00            CMP              r4, #0
  155 000000BE FB04 F405       MUL              r4, r4, r5
  156 000000C2 FA03 F304       LSL              r3, r4
  157 000000C6 B408            PUSH             {r3}
  158 000000C8         
  159 000000C8 E7FF            B                Fin
  160 000000CA         
  161 000000CA         Fin
  162 000000CA E7FE            B                Fin
  163 000000CC                 ALIGN
  164 000000CC                 END
Command Line: --debug --xref --cpu=Cortex-M3 --apcs=interwork --depend=.\main.d
 -o.\main.o -IC:\Keil\ARM\RV31\INC -IC:\Keil\ARM\CMSIS\Include -IC:\Keil\ARM\In
c\Luminary --predefine="__EVAL SETA 1" --list=.\main.lst main.s



ARM Macro Assembler    Page 1 Alphabetic symbol ordering
Relocatable symbols

DATA 00000000

Symbol: DATA
   Definitions
      At line 3 in file main.s
   Uses
      None
Comment: DATA unused
1 symbol



ARM Macro Assembler    Page 1 Alphabetic symbol ordering
Relocatable symbols

.text 00000000

Symbol: .text
   Definitions
      At line 5 in file main.s
   Uses
      None
Comment: .text unused
Fin 000000CA

Symbol: Fin
   Definitions
      At line 161 in file main.s
   Uses
      At line 151 in file main.s
      At line 159 in file main.s
      At line 162 in file main.s

GPIOA 00000008

Symbol: GPIOA
   Definitions
      At line 10 in file main.s
   Uses
      At line 76 in file main.s
Comment: GPIOA used once
RCCMASK 0000000C

Symbol: RCCMASK
   Definitions
      At line 12 in file main.s
   Uses
      At line 63 in file main.s
Comment: RCCMASK used once
SYSCTL 00000000

Symbol: SYSCTL
   Definitions
      At line 8 in file main.s
   Uses
      At line 61 in file main.s
Comment: SYSCTL used once
Start 00000010

Symbol: Start
   Definitions
      At line 58 in file main.s
   Uses
      At line 6 in file main.s
Comment: Start used once
UART0 00000004

Symbol: UART0
   Definitions
      At line 9 in file main.s
   Uses
      At line 83 in file main.s
      At line 106 in file main.s




ARM Macro Assembler    Page 2 Alphabetic symbol ordering
Relocatable symbols

cleanup 000000AC

Symbol: cleanup
   Definitions
      At line 147 in file main.s
   Uses
      At line 128 in file main.s
Comment: cleanup used once
getData 000000A0

Symbol: getData
   Definitions
      At line 136 in file main.s
   Uses
      At line 111 in file main.s
      At line 130 in file main.s
      At line 141 in file main.s

getStream 00000072

Symbol: getStream
   Definitions
      At line 110 in file main.s
   Uses
      At line 108 in file main.s
Comment: getStream used once
pushIncoming 00000082

Symbol: pushIncoming
   Definitions
      At line 120 in file main.s
   Uses
      At line 117 in file main.s
Comment: pushIncoming used once
11 symbols



ARM Macro Assembler    Page 1 Alphabetic symbol ordering
Absolute symbols

GPIOAFSEL 00000420

Symbol: GPIOAFSEL
   Definitions
      At line 28 in file main.s
   Uses
      At line 78 in file main.s
Comment: GPIOAFSEL used once
GPIOCR 00000524

Symbol: GPIOCR
   Definitions
      At line 37 in file main.s
   Uses
      None
Comment: GPIOCR unused
GPIODATA 000003FC

Symbol: GPIODATA
   Definitions
      At line 20 in file main.s
   Uses
      None
Comment: GPIODATA unused
GPIODEN 0000051C

Symbol: GPIODEN
   Definitions
      At line 35 in file main.s
   Uses
      At line 79 in file main.s
Comment: GPIODEN used once
GPIODIR 00000400

Symbol: GPIODIR
   Definitions
      At line 21 in file main.s
   Uses
      None
Comment: GPIODIR unused
GPIODR2R 00000500

Symbol: GPIODR2R
   Definitions
      At line 29 in file main.s
   Uses
      None
Comment: GPIODR2R unused
GPIODR4R 00000504

Symbol: GPIODR4R
   Definitions
      At line 30 in file main.s
   Uses
      None
Comment: GPIODR4R unused
GPIODR8R 00000508

Symbol: GPIODR8R



ARM Macro Assembler    Page 2 Alphabetic symbol ordering
Absolute symbols

   Definitions
      At line 31 in file main.s
   Uses
      None
Comment: GPIODR8R unused
GPIOIBE 00000408

Symbol: GPIOIBE
   Definitions
      At line 23 in file main.s
   Uses
      None
Comment: GPIOIBE unused
GPIOIEV 0000040C

Symbol: GPIOIEV
   Definitions
      At line 24 in file main.s
   Uses
      None
Comment: GPIOIEV unused
GPIOIM 00000410

Symbol: GPIOIM
   Definitions
      At line 25 in file main.s
   Uses
      None
Comment: GPIOIM unused
GPIOIS 00000404

Symbol: GPIOIS
   Definitions
      At line 22 in file main.s
   Uses
      None
Comment: GPIOIS unused
GPIOLOCK 00000520

Symbol: GPIOLOCK
   Definitions
      At line 36 in file main.s
   Uses
      None
Comment: GPIOLOCK unused
GPIOMIS 00000418

Symbol: GPIOMIS
   Definitions
      At line 27 in file main.s
   Uses
      None
Comment: GPIOMIS unused
GPIOODR 0000050C

Symbol: GPIOODR
   Definitions
      At line 32 in file main.s
   Uses



ARM Macro Assembler    Page 3 Alphabetic symbol ordering
Absolute symbols

      None
Comment: GPIOODR unused
GPIOPCTL 0000052C

Symbol: GPIOPCTL
   Definitions
      At line 38 in file main.s
   Uses
      None
Comment: GPIOPCTL unused
GPIOPDR 00000514

Symbol: GPIOPDR
   Definitions
      At line 34 in file main.s
   Uses
      None
Comment: GPIOPDR unused
GPIOPUR 00000510

Symbol: GPIOPUR
   Definitions
      At line 33 in file main.s
   Uses
      None
Comment: GPIOPUR unused
GPIORIS 00000414

Symbol: GPIORIS
   Definitions
      At line 26 in file main.s
   Uses
      None
Comment: GPIORIS unused
RCC 00000060

Symbol: RCC
   Definitions
      At line 14 in file main.s
   Uses
      At line 62 in file main.s
      At line 66 in file main.s

RCC2 00000070

Symbol: RCC2
   Definitions
      At line 15 in file main.s
   Uses
      None
Comment: RCC2 unused
RCGCGPIO 00000108

Symbol: RCGCGPIO
   Definitions
      At line 17 in file main.s
   Uses
      At line 72 in file main.s
Comment: RCGCGPIO used once



ARM Macro Assembler    Page 4 Alphabetic symbol ordering
Absolute symbols

RCGCUART 00000104

Symbol: RCGCUART
   Definitions
      At line 16 in file main.s
   Uses
      At line 73 in file main.s
Comment: RCGCUART used once
UARTCC 00000FC8

Symbol: UARTCC
   Definitions
      At line 54 in file main.s
   Uses
      None
Comment: UARTCC unused
UARTCTL 00000030

Symbol: UARTCTL
   Definitions
      At line 48 in file main.s
   Uses
      At line 85 in file main.s
      At line 101 in file main.s

UARTDR 00000000

Symbol: UARTDR
   Definitions
      At line 41 in file main.s
   Uses
      None
Comment: UARTDR unused
UARTFBRD 00000028

Symbol: UARTFBRD
   Definitions
      At line 46 in file main.s
   Uses
      At line 93 in file main.s
Comment: UARTFBRD used once
UARTFR 00000018

Symbol: UARTFR
   Definitions
      At line 43 in file main.s
   Uses
      At line 139 in file main.s
Comment: UARTFR used once
UARTIBRD 00000024

Symbol: UARTIBRD
   Definitions
      At line 45 in file main.s
   Uses
      At line 90 in file main.s
Comment: UARTIBRD used once
UARTICR 00000044




ARM Macro Assembler    Page 5 Alphabetic symbol ordering
Absolute symbols

Symbol: UARTICR
   Definitions
      At line 53 in file main.s
   Uses
      None
Comment: UARTICR unused
UARTIFLS 00000034

Symbol: UARTIFLS
   Definitions
      At line 49 in file main.s
   Uses
      None
Comment: UARTIFLS unused
UARTILPR 00000020

Symbol: UARTILPR
   Definitions
      At line 44 in file main.s
   Uses
      None
Comment: UARTILPR unused
UARTIM 00000038

Symbol: UARTIM
   Definitions
      At line 50 in file main.s
   Uses
      None
Comment: UARTIM unused
UARTLCRH 0000002C

Symbol: UARTLCRH
   Definitions
      At line 47 in file main.s
   Uses
      At line 97 in file main.s
Comment: UARTLCRH used once
UARTMIS 00000040

Symbol: UARTMIS
   Definitions
      At line 52 in file main.s
   Uses
      None
Comment: UARTMIS unused
UARTRIS 0000003C

Symbol: UARTRIS
   Definitions
      At line 51 in file main.s
   Uses
      None
Comment: UARTRIS unused
UARTRSR 00000004

Symbol: UARTRSR
   Definitions
      At line 42 in file main.s



ARM Macro Assembler    Page 6 Alphabetic symbol ordering
Absolute symbols

   Uses
      None
Comment: UARTRSR unused
37 symbols
380 symbols in table
