


ARM Macro Assembler    Page 1 


    1 00000000         ; main.s
    2 00000000         ; Runs on any Cortex M processor
    3 00000000         ; A very simple first project implementing a random numb
                       er generator
    4 00000000         ; Daniel Valvano
    5 00000000         ; May 4, 2012
    6 00000000         
    7 00000000         ;  This example accompanies the book
    8 00000000         ;  "Embedded Systems: Introduction to Arm Cortex M Micro
                       controllers",
    9 00000000         ;  ISBN: 978-1469998749, Jonathan Valvano, copyright (c)
                        2012
   10 00000000         ;  Section 3.3.10, Program 3.12
   11 00000000         ;
   12 00000000         ;Copyright 2012 by Jonathan W. Valvano, valvano@mail.ute
                       xas.edu
   13 00000000         ;   You may use, edit, run or distribute this file
   14 00000000         ;   as long as the above copyright notice remains
   15 00000000         ;THIS SOFTWARE IS PROVIDED "AS IS".  NO WARRANTIES, WHET
                       HER EXPRESS, IMPLIED
   16 00000000         ;OR STATUTORY, INCLUDING, BUT NOT LIMITED TO, IMPLIED WA
                       RRANTIES OF
   17 00000000         ;MERCHANTABILITY AND FITNESS FOR A PARTICULAR PURPOSE AP
                       PLY TO THIS SOFTWARE.
   18 00000000         ;VALVANO SHALL NOT, IN ANY CIRCUMSTANCES, BE LIABLE FOR 
                       SPECIAL, INCIDENTAL,
   19 00000000         ;OR CONSEQUENTIAL DAMAGES, FOR ANY REASON WHATSOEVER.
   20 00000000         ;For more information about my classes, my research, and
                        my books, see
   21 00000000         ;http://users.ece.utexas.edu/~valvano/
   22 00000000         
   23 00000000         
   24 00000000                 THUMB
   25 00000000                 AREA             DATA, ALIGN=2
   26 00000000                 ALIGN
   27 00000000                 AREA             |.text|, CODE, READONLY, ALIGN=
2
   28 00000000         
   29 00000000         ; offsets
   30 00000000         
   31 00000000         ; GPIO
   32 00000000 000003FC 
                       GPIODATA
                               EQU              0x3FC
   33 00000000 00000400 
                       GPIODIR EQU              0x400
   34 00000000 00000404 
                       GPIOIS  EQU              0x404
   35 00000000 00000408 
                       GPIOIBE EQU              0x408
   36 00000000 0000040C 
                       GPIOIEV EQU              0x40C
   37 00000000 00000410 
                       GPIOIM  EQU              0x410
   38 00000000 00000414 
                       GPIORIS EQU              0x414
   39 00000000 00000418 
                       GPIOMIS EQU              0x418
   40 00000000 00000500 



ARM Macro Assembler    Page 2 


                       GPIODR2R
                               EQU              0x500
   41 00000000 00000504 
                       GPIODR4R
                               EQU              0x504
   42 00000000 00000508 
                       GPIODR8R
                               EQU              0x508
   43 00000000 0000050C 
                       GPIOODR EQU              0x50C
   44 00000000 00000510 
                       GPIOPUR EQU              0x510
   45 00000000 00000514 
                       GPIOPDR EQU              0x514
   46 00000000 0000051C 
                       GPIODEN EQU              0x51C
   47 00000000 00000520 
                       GPIOLOCK
                               EQU              0x520
   48 00000000 00000524 
                       GPIOCR  EQU              0x524
   49 00000000         
   50 00000000         ; Timer
   51 00000000 00000000 
                       GPTMCFG EQU              0x000       ; GPTM config
   52 00000000 00000004 
                       GPTMTAMR
                               EQU              0x004       ; Timer A mode
   53 00000000 00000008 
                       GPTMTBMR
                               EQU              0x008       ; Timer B mode
   54 00000000 0000000C 
                       GPTMCTL EQU              0x00C       ; GPTM control
   55 00000000 0000001C 
                       GPTMRIS EQU              0x01C       ; interrupt status
   56 00000000 00000024 
                       GPTMICR EQU              0x024       ; interrupt clear
   57 00000000 00000028 
                       GPTMTAILR
                               EQU              0x028       ; Timer A interval
   58 00000000 0000002C 
                       GPTMTBLRR
                               EQU              0x02C       ; Timer b interval
   59 00000000         
   60 00000000         ; base addrs
   61 00000000         
   62 00000000         ; GPIO
   63 00000000 40004000 
                       GPIOA   DCD              0x40004000
   64 00000004 40005000 
                       GPIOB   DCD              0x40005000
   65 00000008 40006000 
                       GPIOC   DCD              0x40006000
   66 0000000C 40007000 
                       GPIOD   DCD              0x40007000
   67 00000010 40024000 
                       GPIOE   DCD              0x40024000
   68 00000014 40025000 
                       GPIOF   DCD              0x40025000



ARM Macro Assembler    Page 3 


   69 00000018         
   70 00000018         ; timers
   71 00000018 40030000 
                       TMR0    DCD              0x40030000
   72 0000001C 40031000 
                       TMR1    DCD              0x40031000
   73 00000020 40032000 
                       TMR2    DCD              0x40032000
   74 00000024 40033000 
                       TMR3    DCD              0x40033000
   75 00000028 40034000 
                       TMR4    DCD              0x40034000
   76 0000002C 40035000 
                       TMR5    DCD              0x40035000
   77 00000030 40036000 
                       WTMR0   DCD              0x40036000
   78 00000034 40037000 
                       WTMR1   DCD              0x40037000
   79 00000038 4004C000 
                       WTMR2   DCD              0x4004C000
   80 0000003C 4004D000 
                       WTMR3   DCD              0x4004D000
   81 00000040 4004E000 
                       WTMR4   DCD              0x4004E000
   82 00000044 4004F000 
                       WTMR5   DCD              0x4004F000
   83 00000048         
   84 00000048         
   85 00000048 400FE108 
                       RCGCGPIO
                               DCD              0x400FE108
   86 0000004C 400FE104 
                       RCGC1   DCD              0x400FE104
   87 00000050         
   88 00000050         ;arbitrary init values
   89 00000050 00000001 
                       CLKSET  DCD              0x01        ; init port A
   90 00000054 00010000 
                       TMRSET  DCD              0x10000
   91 00000058 0000000C 
                       PORTAOUTSET
                               DCD              0x0C        ; 2 is output
   92 0000005C 00000080 
                       PORTAINSET
                               DCD              0x80        ; 3:6 is input
   93 00000060         
   94 00000060 FFFF6F7F 
                       GPTMCTLMASK
                               DCD              0xFFFF6F7F  ; clear GPTMCTL
   95 00000064 FFFFFFF8 
                       GPTMCFGMASK
                               DCD              0xFFFFFFF8  ; clear GPTMCFG
   96 00000068 FFFFFFFC 
                       GPTMTAMRMASK
                               DCD              0xFFFFFFFC  ; clear GPTMTAMR
   97 0000006C         
   98 0000006C         ; .005 seconds *16000000 cycles = 80000 cycles = 0x13880
                        cycles
   99 0000006C 00013880 



ARM Macro Assembler    Page 4 


                       TIMEOUT DCD              0x13880
  100 00000070         
  101 00000070                 EXPORT           Start
  102 00000070         
  103 00000070         ; assume the following:
  104 00000070         ; window 1,2, vent, and door sensors are connected
  105 00000070         ; to ports PA3:6 respectively
  106 00000070         ; Motion detector is connected to PA7.
  107 00000070         ; Alarm is attached to PA2
  108 00000070         Start
  109 00000070         ; enable clock for GPIO
  110 00000070 F85F 002C       LDR              r0, RCGCGPIO
  111 00000074 F85F 1028       LDR              r1, CLKSET
  112 00000078 6001            STR              r1, [r0]
  113 0000007A         
  114 0000007A         ; enable clock for TMR0
  115 0000007A F85F 0030       LDR              r0, RCGC1
  116 0000007E F85F 102C       LDR              r1, TMRSET
  117 00000082 6001            STR              r1, [r0]
  118 00000084         
  119 00000084         ; initialize GPIOA
  120 00000084 F85F 0088       LDR              r0, GPIOA
  121 00000088 F85F 1034       LDR              r1, PORTAOUTSET
  122 0000008C F85F 2034       LDR              r2, PORTAINSET
  123 00000090 F000 F822       BL               GPIO_init
  124 00000094         
  125 00000094         ; initialize TMR0
  126 00000094 F85F 0080       LDR              r0, TMR0
  127 00000098 F85F 1030       LDR              r1, TIMEOUT
  128 0000009C F000 F803       BL               TMR_init
  129 000000A0         
  130 000000A0 F04F 0200       MOV              r2, #0x00
  131 000000A4         
  132 000000A4 E025            B                Main
  133 000000A6         
  134 000000A6         ; TMR setup
  135 000000A6         ; 1. disable TnEN of GPTMCTL
  136 000000A6         ; 2. write GPTMCFG with 0x00000000
  137 000000A6         ; 3. configure TnMR in GPTMTnMR
  138 000000A6         ; (one-shot 0x01, periodic 0x02)
  139 000000A6         ; 4. configure the remainder of GPTMTnMR
  140 000000A6         ; 5. load interval into GPTMTnILR
  141 000000A6         ; 6. configure interrupts (GPTMIMR)
  142 000000A6         ; 7. set TnEN in GPTMCTL to enable
  143 000000A6         ; 8. poll GPTMRIS
  144 000000A6         
  145 000000A6         ; r0 stores base address, r1 stores counter value.
  146 000000A6         ; configures tmr0 for periodic concatenated (32-bit) ope
                       ration
  147 000000A6         TMR_init
  148 000000A6 68C2            LDR              r2, [r0, #GPTMCTL] ; read
  149 000000A8 F85F 304C       LDR              r3, GPTMCTLMASK
  150 000000AC EA02 0203       AND              r2, r2, r3  ; modify
  151 000000B0 60C2            STR              r2, [r0, #GPTMCTL] ; write
  152 000000B2 6802            LDR              r2, [r0, #GPTMCFG] ; read
  153 000000B4 F85F 3054       LDR              r3, GPTMCFGMASK
  154 000000B8 EA02 0203       AND              r2, r2, r3  ; modify
  155 000000BC 6002            STR              r2, [r0, #GPTMCFG] ; write
  156 000000BE 6842            LDR              r2, [r0, #GPTMTAMR] ; read



ARM Macro Assembler    Page 5 


  157 000000C0 F85F 305C       LDR              r3, GPTMTAMRMASK
  158 000000C4 EA02 0203       AND              r2, r2, r3  ; modify
  159 000000C8 F102 0202       ADD              r2, r2, #0x02 ; 0x02=periodic
  160 000000CC 6042            STR              r2, [r0, #GPTMTAMR] ; write
  161 000000CE 6281            STR              r1, [r0, #GPTMTAILR]
  162 000000D0 F04F 0201       MOV              r2, #0x01   ; enable timer A
  163 000000D4 60C2            STR              r2, [r0, #GPTMCTL]
  164 000000D6 4770            BX               lr
  165 000000D8         
  166 000000D8         ; r0 stores base address, r1 stores out val, r2 stores i
                       n val, r3 will store the or of the two
  167 000000D8         GPIO_init
  168 000000D8 EA42 0301       ORR              r3, r2, r1  ; store active pins
                                                            
  169 000000DC F8C0 1400       STR              r1, [r0, #GPIODIR] 
                                                            ; set directions
  170 000000E0 F8C0 3500       STR              r3, [r0, #GPIODR2R] 
                                                            ; set power (2mA)
  171 000000E4 F8C0 150C       STR              r1, [r0, #GPIOODR] ; set output
                                                            s open drain
  172 000000E8 F8C0 2510       STR              r2, [r0, #GPIOPUR] ; set inputs
                                                             to pull ups
  173 000000EC F8C0 351C       STR              r3, [r0, #GPIODEN] 
                                                            ; enable pins
  174 000000F0 4770            BX               lr
  175 000000F2         
  176 000000F2         ; main loop
  177 000000F2         ; r0 is addr storage, r1 is ldr storage, r2 stores the c
                       ount
  178 000000F2         ; r3 stores the previous state of the motion sensor, r4 
                       stores the number of
  179 000000F2         ; transistions in 50 ms.  if greater than 3, trip.
  180 000000F2         Main
  181 000000F2         ;check timeout
  182 000000F2 F85F 00DC       LDR              r0, TMR0
  183 000000F6 69C1            LDR              r1, [r0, #GPTMRIS]
  184 000000F8 F011 0101       ANDS             r1, #0x01   ; sets z if zero
  185 000000FC D0F9            BEQ              Main
  186 000000FE         ; clear expiry flag
  187 000000FE F04F 0101       MOV              r1, #1
  188 00000102 6241            STR              r1, [r0, #GPTMICR]
  189 00000104 F102 0201       ADD              r2, #1
  190 00000108 2A14            CMP              r2, #20
  191 0000010A         
  192 0000010A F85F 010C       LDR              r0, GPIOA
  193 0000010E         
  194 0000010E D006            BEQ              hundredMsCheck
  195 00000110         
  196 00000110 2A0F            CMP              r2, #15
  197 00000112         
  198 00000112 D00F            BEQ              seventyFiveMsCheck
  199 00000114         
  200 00000114 2A0A            CMP              r2, #10
  201 00000116         
  202 00000116 D018            BEQ              fiftyMsCheck
  203 00000118         
  204 00000118 2A05            CMP              r2, #5
  205 0000011A         
  206 0000011A D019            BEQ              twentyFiveMsCheck



ARM Macro Assembler    Page 6 


  207 0000011C         
  208 0000011C E022            B                fiveMsCheck
  209 0000011E         
  210 0000011E         ; check window sensors
  211 0000011E         hundredMsCheck
  212 0000011E F8D0 23FC       LDR              r2, [r0, #GPIODATA]
  213 00000122 F002 0218       AND              r2, #0x18
  214 00000126 2A00            CMP              r2, #0x00
  215 00000128 F04F 0504       MOV              r5, #0x04
  216 0000012C BF18            IT               NE          ; if either A3 or A
                                                            4 are high, trip
  217 0000012E F8C0 53FC       STRNE            r5, [r0, #GPIODATA]
  218 00000132         
  219 00000132 E00A            B                fiftyMsCheck
  220 00000134         
  221 00000134         ; check vent sensor
  222 00000134         seventyFiveMsCheck
  223 00000134 F8D0 23FC       LDR              r2, [r0, #GPIODATA]
  224 00000138 F002 0220       AND              r2, #0x20
  225 0000013C 2A00            CMP              r2, #0x00
  226 0000013E F04F 0504       MOV              r5, #0x04
  227 00000142 BF18            IT               NE          ; check if A5 went 
                                                            high, if so, trip
  228 00000144 F8C0 53FC       STRNE            r5, [r0, #GPIODATA]
  229 00000148         
  230 00000148 E002            B                twentyFiveMsCheck
  231 0000014A         
  232 0000014A         ; reset transistion count
  233 0000014A         fiftyMsCheck
  234 0000014A F04F 0400       MOV              r4, #0x00
  235 0000014E         
  236 0000014E E7FF            B                twentyFiveMsCheck
  237 00000150         
  238 00000150         ; check door sensor
  239 00000150         twentyFiveMsCheck
  240 00000150 F8D0 23FC       LDR              r2, [r0, #GPIODATA]
  241 00000154 F002 0240       AND              r2, #0x40
  242 00000158 F04F 0504       MOV              r5, #0x04
  243 0000015C BF18            IT               NE          ; check if A6 went 
                                                            high, if so, trip
  244 0000015E F8C0 53FC       STRNE            r5, [r0, #GPIODATA]
  245 00000162         
  246 00000162 E7FF            B                fiveMsCheck
  247 00000164         
  248 00000164         fiveMsCheck
  249 00000164         ; check state transistion on sensor
  250 00000164 F85F 0168       LDR              r0, GPIOA
  251 00000168 F8D0 23FC       LDR              r2, [r0, #GPIODATA]
  252 0000016C F002 0280       AND              r2, #0x80
  253 00000170 429A            CMP              r2, r3
  254 00000172 BF18            IT               NE
  255 00000174 3401            ADDNE            r4, #1
  256 00000176         
  257 00000176 4613            MOV              r3, r2
  258 00000178 F04F 0504       MOV              r5, #0x04
  259 0000017C 2C03            CMP              r4, #3      ; if more than 3 tr
                                                            ansisitions, trip
  260 0000017E BF88            IT               HI
  261 00000180 F8C0 53FC       STRHI            r5, [r0, #GPIODATA]



ARM Macro Assembler    Page 7 


  262 00000184 E7B5            B                Main
  263 00000186 00 00           ALIGN
  264 00000188                 END
Command Line: --debug --xref --cpu=Cortex-M3 --apcs=interwork --depend=.\main.d
 -o.\main.o -IC:\Keil\ARM\RV31\INC -IC:\Keil\ARM\CMSIS\Include -IC:\Keil\ARM\In
c\Luminary --predefine="__EVAL SETA 1" --list=.\main.lst main.s



ARM Macro Assembler    Page 1 Alphabetic symbol ordering
Relocatable symbols

DATA 00000000

Symbol: DATA
   Definitions
      At line 25 in file main.s
   Uses
      None
Comment: DATA unused
1 symbol



ARM Macro Assembler    Page 1 Alphabetic symbol ordering
Relocatable symbols

.text 00000000

Symbol: .text
   Definitions
      At line 27 in file main.s
   Uses
      None
Comment: .text unused
CLKSET 00000050

Symbol: CLKSET
   Definitions
      At line 89 in file main.s
   Uses
      At line 111 in file main.s
Comment: CLKSET used once
GPIOA 00000000

Symbol: GPIOA
   Definitions
      At line 63 in file main.s
   Uses
      At line 120 in file main.s
      At line 192 in file main.s
      At line 250 in file main.s

GPIOB 00000004

Symbol: GPIOB
   Definitions
      At line 64 in file main.s
   Uses
      None
Comment: GPIOB unused
GPIOC 00000008

Symbol: GPIOC
   Definitions
      At line 65 in file main.s
   Uses
      None
Comment: GPIOC unused
GPIOD 0000000C

Symbol: GPIOD
   Definitions
      At line 66 in file main.s
   Uses
      None
Comment: GPIOD unused
GPIOE 00000010

Symbol: GPIOE
   Definitions
      At line 67 in file main.s
   Uses
      None
Comment: GPIOE unused
GPIOF 00000014



ARM Macro Assembler    Page 2 Alphabetic symbol ordering
Relocatable symbols


Symbol: GPIOF
   Definitions
      At line 68 in file main.s
   Uses
      None
Comment: GPIOF unused
GPIO_init 000000D8

Symbol: GPIO_init
   Definitions
      At line 167 in file main.s
   Uses
      At line 123 in file main.s
Comment: GPIO_init used once
GPTMCFGMASK 00000064

Symbol: GPTMCFGMASK
   Definitions
      At line 95 in file main.s
   Uses
      At line 153 in file main.s
Comment: GPTMCFGMASK used once
GPTMCTLMASK 00000060

Symbol: GPTMCTLMASK
   Definitions
      At line 94 in file main.s
   Uses
      At line 149 in file main.s
Comment: GPTMCTLMASK used once
GPTMTAMRMASK 00000068

Symbol: GPTMTAMRMASK
   Definitions
      At line 96 in file main.s
   Uses
      At line 157 in file main.s
Comment: GPTMTAMRMASK used once
Main 000000F2

Symbol: Main
   Definitions
      At line 180 in file main.s
   Uses
      At line 132 in file main.s
      At line 185 in file main.s
      At line 262 in file main.s

PORTAINSET 0000005C

Symbol: PORTAINSET
   Definitions
      At line 92 in file main.s
   Uses
      At line 122 in file main.s
Comment: PORTAINSET used once
PORTAOUTSET 00000058




ARM Macro Assembler    Page 3 Alphabetic symbol ordering
Relocatable symbols

Symbol: PORTAOUTSET
   Definitions
      At line 91 in file main.s
   Uses
      At line 121 in file main.s
Comment: PORTAOUTSET used once
RCGC1 0000004C

Symbol: RCGC1
   Definitions
      At line 86 in file main.s
   Uses
      At line 115 in file main.s
Comment: RCGC1 used once
RCGCGPIO 00000048

Symbol: RCGCGPIO
   Definitions
      At line 85 in file main.s
   Uses
      At line 110 in file main.s
Comment: RCGCGPIO used once
Start 00000070

Symbol: Start
   Definitions
      At line 108 in file main.s
   Uses
      At line 101 in file main.s
Comment: Start used once
TIMEOUT 0000006C

Symbol: TIMEOUT
   Definitions
      At line 99 in file main.s
   Uses
      At line 127 in file main.s
Comment: TIMEOUT used once
TMR0 00000018

Symbol: TMR0
   Definitions
      At line 71 in file main.s
   Uses
      At line 126 in file main.s
      At line 182 in file main.s

TMR1 0000001C

Symbol: TMR1
   Definitions
      At line 72 in file main.s
   Uses
      None
Comment: TMR1 unused
TMR2 00000020

Symbol: TMR2
   Definitions



ARM Macro Assembler    Page 4 Alphabetic symbol ordering
Relocatable symbols

      At line 73 in file main.s
   Uses
      None
Comment: TMR2 unused
TMR3 00000024

Symbol: TMR3
   Definitions
      At line 74 in file main.s
   Uses
      None
Comment: TMR3 unused
TMR4 00000028

Symbol: TMR4
   Definitions
      At line 75 in file main.s
   Uses
      None
Comment: TMR4 unused
TMR5 0000002C

Symbol: TMR5
   Definitions
      At line 76 in file main.s
   Uses
      None
Comment: TMR5 unused
TMRSET 00000054

Symbol: TMRSET
   Definitions
      At line 90 in file main.s
   Uses
      At line 116 in file main.s
Comment: TMRSET used once
TMR_init 000000A6

Symbol: TMR_init
   Definitions
      At line 147 in file main.s
   Uses
      At line 128 in file main.s
Comment: TMR_init used once
WTMR0 00000030

Symbol: WTMR0
   Definitions
      At line 77 in file main.s
   Uses
      None
Comment: WTMR0 unused
WTMR1 00000034

Symbol: WTMR1
   Definitions
      At line 78 in file main.s
   Uses
      None



ARM Macro Assembler    Page 5 Alphabetic symbol ordering
Relocatable symbols

Comment: WTMR1 unused
WTMR2 00000038

Symbol: WTMR2
   Definitions
      At line 79 in file main.s
   Uses
      None
Comment: WTMR2 unused
WTMR3 0000003C

Symbol: WTMR3
   Definitions
      At line 80 in file main.s
   Uses
      None
Comment: WTMR3 unused
WTMR4 00000040

Symbol: WTMR4
   Definitions
      At line 81 in file main.s
   Uses
      None
Comment: WTMR4 unused
WTMR5 00000044

Symbol: WTMR5
   Definitions
      At line 82 in file main.s
   Uses
      None
Comment: WTMR5 unused
fiftyMsCheck 0000014A

Symbol: fiftyMsCheck
   Definitions
      At line 233 in file main.s
   Uses
      At line 202 in file main.s
      At line 219 in file main.s

fiveMsCheck 00000164

Symbol: fiveMsCheck
   Definitions
      At line 248 in file main.s
   Uses
      At line 208 in file main.s
      At line 246 in file main.s

hundredMsCheck 0000011E

Symbol: hundredMsCheck
   Definitions
      At line 211 in file main.s
   Uses
      At line 194 in file main.s
Comment: hundredMsCheck used once



ARM Macro Assembler    Page 6 Alphabetic symbol ordering
Relocatable symbols

seventyFiveMsCheck 00000134

Symbol: seventyFiveMsCheck
   Definitions
      At line 222 in file main.s
   Uses
      At line 198 in file main.s
Comment: seventyFiveMsCheck used once
twentyFiveMsCheck 00000150

Symbol: twentyFiveMsCheck
   Definitions
      At line 239 in file main.s
   Uses
      At line 206 in file main.s
      At line 230 in file main.s
      At line 236 in file main.s

38 symbols



ARM Macro Assembler    Page 1 Alphabetic symbol ordering
Absolute symbols

GPIOCR 00000524

Symbol: GPIOCR
   Definitions
      At line 48 in file main.s
   Uses
      None
Comment: GPIOCR unused
GPIODATA 000003FC

Symbol: GPIODATA
   Definitions
      At line 32 in file main.s
   Uses
      At line 212 in file main.s
      At line 217 in file main.s
      At line 223 in file main.s
      At line 228 in file main.s
      At line 240 in file main.s
      At line 244 in file main.s
      At line 251 in file main.s
      At line 261 in file main.s

GPIODEN 0000051C

Symbol: GPIODEN
   Definitions
      At line 46 in file main.s
   Uses
      At line 173 in file main.s
Comment: GPIODEN used once
GPIODIR 00000400

Symbol: GPIODIR
   Definitions
      At line 33 in file main.s
   Uses
      At line 169 in file main.s
Comment: GPIODIR used once
GPIODR2R 00000500

Symbol: GPIODR2R
   Definitions
      At line 40 in file main.s
   Uses
      At line 170 in file main.s
Comment: GPIODR2R used once
GPIODR4R 00000504

Symbol: GPIODR4R
   Definitions
      At line 41 in file main.s
   Uses
      None
Comment: GPIODR4R unused
GPIODR8R 00000508

Symbol: GPIODR8R
   Definitions



ARM Macro Assembler    Page 2 Alphabetic symbol ordering
Absolute symbols

      At line 42 in file main.s
   Uses
      None
Comment: GPIODR8R unused
GPIOIBE 00000408

Symbol: GPIOIBE
   Definitions
      At line 35 in file main.s
   Uses
      None
Comment: GPIOIBE unused
GPIOIEV 0000040C

Symbol: GPIOIEV
   Definitions
      At line 36 in file main.s
   Uses
      None
Comment: GPIOIEV unused
GPIOIM 00000410

Symbol: GPIOIM
   Definitions
      At line 37 in file main.s
   Uses
      None
Comment: GPIOIM unused
GPIOIS 00000404

Symbol: GPIOIS
   Definitions
      At line 34 in file main.s
   Uses
      None
Comment: GPIOIS unused
GPIOLOCK 00000520

Symbol: GPIOLOCK
   Definitions
      At line 47 in file main.s
   Uses
      None
Comment: GPIOLOCK unused
GPIOMIS 00000418

Symbol: GPIOMIS
   Definitions
      At line 39 in file main.s
   Uses
      None
Comment: GPIOMIS unused
GPIOODR 0000050C

Symbol: GPIOODR
   Definitions
      At line 43 in file main.s
   Uses
      At line 171 in file main.s



ARM Macro Assembler    Page 3 Alphabetic symbol ordering
Absolute symbols

Comment: GPIOODR used once
GPIOPDR 00000514

Symbol: GPIOPDR
   Definitions
      At line 45 in file main.s
   Uses
      None
Comment: GPIOPDR unused
GPIOPUR 00000510

Symbol: GPIOPUR
   Definitions
      At line 44 in file main.s
   Uses
      At line 172 in file main.s
Comment: GPIOPUR used once
GPIORIS 00000414

Symbol: GPIORIS
   Definitions
      At line 38 in file main.s
   Uses
      None
Comment: GPIORIS unused
GPTMCFG 00000000

Symbol: GPTMCFG
   Definitions
      At line 51 in file main.s
   Uses
      At line 152 in file main.s
      At line 155 in file main.s

GPTMCTL 0000000C

Symbol: GPTMCTL
   Definitions
      At line 54 in file main.s
   Uses
      At line 148 in file main.s
      At line 151 in file main.s
      At line 163 in file main.s

GPTMICR 00000024

Symbol: GPTMICR
   Definitions
      At line 56 in file main.s
   Uses
      At line 188 in file main.s
Comment: GPTMICR used once
GPTMRIS 0000001C

Symbol: GPTMRIS
   Definitions
      At line 55 in file main.s
   Uses
      At line 183 in file main.s



ARM Macro Assembler    Page 4 Alphabetic symbol ordering
Absolute symbols

Comment: GPTMRIS used once
GPTMTAILR 00000028

Symbol: GPTMTAILR
   Definitions
      At line 57 in file main.s
   Uses
      At line 161 in file main.s
Comment: GPTMTAILR used once
GPTMTAMR 00000004

Symbol: GPTMTAMR
   Definitions
      At line 52 in file main.s
   Uses
      At line 156 in file main.s
      At line 160 in file main.s

GPTMTBLRR 0000002C

Symbol: GPTMTBLRR
   Definitions
      At line 58 in file main.s
   Uses
      None
Comment: GPTMTBLRR unused
GPTMTBMR 00000008

Symbol: GPTMTBMR
   Definitions
      At line 53 in file main.s
   Uses
      None
Comment: GPTMTBMR unused
25 symbols
395 symbols in table
