


ARM Macro Assembler    Page 1 


    1 00000000         ; main.s
    2 00000000         ; Runs on any Cortex M processor
    3 00000000         ; A very simple first project implementing a random numb
                       er generator
    4 00000000         ; Daniel Valvano
    5 00000000         ; May 4, 2012
    6 00000000         
    7 00000000         ;  This example accompanies the book
    8 00000000         ;  "Embedded Systems: Introduction to Arm Cortex M Micro
                       controllers",
    9 00000000         ;  ISBN: 978-1469998749, Jonathan Valvano, copyright (c)
                        2012
   10 00000000         ;  Section 3.3.10, Program 3.12
   11 00000000         ;
   12 00000000         ;Copyright 2012 by Jonathan W. Valvano, valvano@mail.ute
                       xas.edu
   13 00000000         ;   You may use, edit, run or distribute this file
   14 00000000         ;   as long as the above copyright notice remains
   15 00000000         ;THIS SOFTWARE IS PROVIDED "AS IS".  NO WARRANTIES, WHET
                       HER EXPRESS, IMPLIED
   16 00000000         ;OR STATUTORY, INCLUDING, BUT NOT LIMITED TO, IMPLIED WA
                       RRANTIES OF
   17 00000000         ;MERCHANTABILITY AND FITNESS FOR A PARTICULAR PURPOSE AP
                       PLY TO THIS SOFTWARE.
   18 00000000         ;VALVANO SHALL NOT, IN ANY CIRCUMSTANCES, BE LIABLE FOR 
                       SPECIAL, INCIDENTAL,
   19 00000000         ;OR CONSEQUENTIAL DAMAGES, FOR ANY REASON WHATSOEVER.
   20 00000000         ;For more information about my classes, my research, and
                        my books, see
   21 00000000         ;http://users.ece.utexas.edu/~valvano/
   22 00000000         
   23 00000000         
   24 00000000                 THUMB
   25 00000000                 AREA             DATA, ALIGN=2
   26 00000000                 ALIGN
   27 00000000                 AREA             |.text|, CODE, READONLY, ALIGN=
2
   28 00000000                 EXPORT           Start
   29 00000000         
   30 00000000         ; base addrs
   31 00000000         ; gpio
   32 00000000 40004000 
                       GPIOA   DCD              0x40004000
   33 00000004 40005000 
                       GPIOB   DCD              0x40005000
   34 00000008 40006000 
                       GPIOC   DCD              0x40006000
   35 0000000C 40007000 
                       GPIOD   DCD              0x40007000
   36 00000010 40024000 
                       GPIOE   DCD              0x40024000
   37 00000014 40025000 
                       GPIOF   DCD              0x40025000
   38 00000018         
   39 00000018         ; uart
   40 00000018 4000C000 
                       UART0   DCD              0x4000C000
   41 0000001C 4000D000 
                       UART1   DCD              0x4000D000



ARM Macro Assembler    Page 2 


   42 00000020 4000E000 
                       UART3   DCD              0x4000E000
   43 00000024 4000F000 
                       UART4   DCD              0x4000F000
   44 00000028 40010000 
                       UART5   DCD              0x40010000
   45 0000002C 40012000 
                       UART6   DCD              0x40012000
   46 00000030 40013000 
                       UART7   DCD              0x40013000
   47 00000034         
   48 00000034 400FE000 
                       SYSCTL  DCD              0x400FE000
   49 00000038         ;RCGCUART  DCD 0x400FE618 
   50 00000038         ;RCGCGPIO DCD 0x400FE608 
   51 00000038         
   52 00000038         ; offsets
   53 00000038         
   54 00000038 00000618 
                       RCGCGPIO
                               EQU              0x618       ; I/O run mode cloc
                                                            k gating control
   55 00000038 00000608 
                       RCGCUART
                               EQU              0x608       ; UART clock enable
                                                             reg
   56 00000038         
   57 00000038         ; gpio
   58 00000038 000003FC 
                       GPIODATA
                               EQU              0x3FC
   59 00000038 00000400 
                       GPIODIR EQU              0x400
   60 00000038 00000404 
                       GPIOIS  EQU              0x404
   61 00000038 00000408 
                       GPIOIBE EQU              0x408
   62 00000038 0000040C 
                       GPIOIEV EQU              0x40C
   63 00000038 00000410 
                       GPIOIM  EQU              0x410
   64 00000038 00000414 
                       GPIORIS EQU              0x414
   65 00000038 00000418 
                       GPIOMIS EQU              0x418
   66 00000038 00000420 
                       GPIOAFSEL
                               EQU              0x420
   67 00000038 00000500 
                       GPIODR2R
                               EQU              0x500
   68 00000038 00000504 
                       GPIODR4R
                               EQU              0x504
   69 00000038 00000508 
                       GPIODR8R
                               EQU              0x508
   70 00000038 0000050C 
                       GPIOODR EQU              0x50C



ARM Macro Assembler    Page 3 


   71 00000038 00000510 
                       GPIOPUR EQU              0x510
   72 00000038 00000514 
                       GPIOPDR EQU              0x514
   73 00000038 0000051C 
                       GPIODEN EQU              0x51C
   74 00000038 00000520 
                       GPIOLOCK
                               EQU              0x520
   75 00000038 00000524 
                       GPIOCR  EQU              0x524
   76 00000038 0000052C 
                       GPIOPCTL
                               EQU              0x52C
   77 00000038         
   78 00000038         ; uart
   79 00000038 00000000 
                       UARTDR  EQU              0x000       ; uart data
   80 00000038 00000004 
                       UARTRSR EQU              0x004       ; recieve status
   81 00000038 00000018 
                       UARTFR  EQU              0x018       ; flag
   82 00000038 00000020 
                       UARTILPR
                               EQU              0x020       ; IrDA low-power re
                                                            gister
   83 00000038 00000024 
                       UARTIBRD
                               EQU              0x024       ; integer baud rate
                                                             divisor
   84 00000038 00000028 
                       UARTFBRD
                               EQU              0x028       ; fractional baud d
                                                            ivisor
   85 00000038 0000002C 
                       UARTLCRH
                               EQU              0x02C       ; line control
   86 00000038 00000030 
                       UARTCTL EQU              0x030       ; control
   87 00000038 00000034 
                       UARTIFLS
                               EQU              0x034       ; interrupt fifo le
                                                            vel select
   88 00000038 00000038 
                       UARTIM  EQU              0x038       ; interrupt mask
   89 00000038 0000003C 
                       UARTRIS EQU              0x03C       ; raw interrupt sta
                                                            tus
   90 00000038 00000040 
                       UARTMIS EQU              0x040       ; masked interrupt 
                                                            status
   91 00000038 00000044 
                       UARTICR EQU              0x044       ; interrupt clear
   92 00000038 00000FC8 
                       UARTCC  EQU              0xFC8       ; clock configurati
                                                            on
   93 00000038         
   94 00000038         
   95 00000038         Start



ARM Macro Assembler    Page 4 


   96 00000038         
   97 00000038         
   98 00000038         
   99 00000038         ; 1, 2
  100 00000038 F85F 0008       LDR              r0, SYSCTL
  101 0000003C F04F 0102       MOV              r1, #0x02
  102 00000040 F8C0 1608       STR              r1, [r0, #RCGCUART] 
                                                            ; enable UART1
  103 00000044 F8C0 1618       STR              r1, [r0, #RCGCGPIO] 
                                                            ; enable GPIOB
  104 00000048         
  105 00000048 F85F 0048       LDR              r0, GPIOB
  106 0000004C F04F 0103       MOV              r1, #0x03
  107 00000050 F8C0 1420       STR              r1, [r0, #GPIOAFSEL] ; enable a
                                                            lternative function
                                                            ality
  108 00000054 F8C0 151C       STR              r1, [r0, #GPIODEN] 
                                                            ; digital enable
  109 00000058 F8C0 1500       STR              r1, [r0, #GPIODR2R] 
                                                            ; set current level
                                                            
  110 0000005C F04F 0111       MOV              r1, #0x011
  111 00000060 F8C0 152C       STR              r1, [r0, #GPIOPCTL] ; configure
                                                             alternative signal
                                                             control
  112 00000064         
  113 00000064 F85F 004C       LDR              r0, UART1
  114 00000068         
  115 00000068 F000 F80A       BL               initUart
  116 0000006C F04F 0201       MOV              r2, #0x1
  117 00000070         
  118 00000070         Tx
  119 00000070 7002            STRB             r2, [r0, #UARTDR]
  120 00000072 F102 0201       ADD              r2, #1
  121 00000076         
  122 00000076         ;B wait
  123 00000076         
  124 00000076         wait
  125 00000076 6981            LDR              r1, [r0, #UARTFR]
  126 00000078 F011 0180       ANDS             r1, #0x80
  127 0000007C D0FB            BEQ              wait
  128 0000007E E7F7            B                Tx
  129 00000080         
  130 00000080         
  131 00000080         ; uart setup r0 holds base address, assume setup for 960
                       0 baud, no parity, 8 transmit bits.
  132 00000080         initUart
  133 00000080 6B01            LDR              r1, [r0, #UARTCTL]
  134 00000082 EA4F 0151       LSR              r1, #1
  135 00000086 EA4F 0141       LSL              r1, #1
  136 0000008A 6301            STR              r1, [r0, #UARTCTL] ; disable
  137 0000008C         ; set baud rate
  138 0000008C         ; brd = 16e6/(16*9600) = 104.167
  139 0000008C         ; integer portion = 104=0x68
  140 0000008C F04F 0168       MOV              r1, #0x068
  141 00000090 6241            STR              r1, [r0, #UARTIBRD]
  142 00000092         ; int(0.167*2^6+0.5)=11=0x00B
  143 00000092         ; fractional portion = 0x0B
  144 00000092 F04F 010B       MOV              r1, #0x0B



ARM Macro Assembler    Page 5 


  145 00000096 6281            STR              r1, [r0, #UARTFBRD]
  146 00000098         ; write line control
  147 00000098         ; 8 data bits, no parity, 1 stop bit, no fifo
  148 00000098 F04F 0160       MOV              r1, #0x60
  149 0000009C 62C1            STR              r1, [r0, #UARTLCRH]
  150 0000009E         ; write to clock generation control
  151 0000009E F04F 0100       MOV              r1, #0x00   ; system clock
  152 000000A2 F8C0 1FC8       STR              r1, [r0, #UARTCC]
  153 000000A6         ; enable UART, TX, RX
  154 000000A6 F240 3101       MOV              r1, #0x301
  155 000000AA 6301            STR              r1, [r0, #0x30]
  156 000000AC BF00            nop
  157 000000AE BF00            nop
  158 000000B0 BF00            nop
  159 000000B2 4770            BX               lr
  160 000000B4         
  161 000000B4                 ALIGN
  162 000000B4                 END
Command Line: --debug --xref --cpu=Cortex-M4.fp --apcs=interwork --depend=.\mai
n.d -o.\main.o -IC:\Keil\ARM\RV31\INC -IC:\Keil\ARM\CMSIS\Include -IC:\Keil\ARM
\Inc\TI\TM4C123 --predefine="__EVAL SETA 1" --list=.\main.lst main.s



ARM Macro Assembler    Page 1 Alphabetic symbol ordering
Relocatable symbols

DATA 00000000

Symbol: DATA
   Definitions
      At line 25 in file main.s
   Uses
      None
Comment: DATA unused
1 symbol



ARM Macro Assembler    Page 1 Alphabetic symbol ordering
Relocatable symbols

.text 00000000

Symbol: .text
   Definitions
      At line 27 in file main.s
   Uses
      None
Comment: .text unused
GPIOA 00000000

Symbol: GPIOA
   Definitions
      At line 32 in file main.s
   Uses
      None
Comment: GPIOA unused
GPIOB 00000004

Symbol: GPIOB
   Definitions
      At line 33 in file main.s
   Uses
      At line 105 in file main.s
Comment: GPIOB used once
GPIOC 00000008

Symbol: GPIOC
   Definitions
      At line 34 in file main.s
   Uses
      None
Comment: GPIOC unused
GPIOD 0000000C

Symbol: GPIOD
   Definitions
      At line 35 in file main.s
   Uses
      None
Comment: GPIOD unused
GPIOE 00000010

Symbol: GPIOE
   Definitions
      At line 36 in file main.s
   Uses
      None
Comment: GPIOE unused
GPIOF 00000014

Symbol: GPIOF
   Definitions
      At line 37 in file main.s
   Uses
      None
Comment: GPIOF unused
SYSCTL 00000034

Symbol: SYSCTL



ARM Macro Assembler    Page 2 Alphabetic symbol ordering
Relocatable symbols

   Definitions
      At line 48 in file main.s
   Uses
      At line 100 in file main.s
Comment: SYSCTL used once
Start 00000038

Symbol: Start
   Definitions
      At line 95 in file main.s
   Uses
      At line 28 in file main.s
Comment: Start used once
Tx 00000070

Symbol: Tx
   Definitions
      At line 118 in file main.s
   Uses
      At line 128 in file main.s
Comment: Tx used once
UART0 00000018

Symbol: UART0
   Definitions
      At line 40 in file main.s
   Uses
      None
Comment: UART0 unused
UART1 0000001C

Symbol: UART1
   Definitions
      At line 41 in file main.s
   Uses
      At line 113 in file main.s
Comment: UART1 used once
UART3 00000020

Symbol: UART3
   Definitions
      At line 42 in file main.s
   Uses
      None
Comment: UART3 unused
UART4 00000024

Symbol: UART4
   Definitions
      At line 43 in file main.s
   Uses
      None
Comment: UART4 unused
UART5 00000028

Symbol: UART5
   Definitions
      At line 44 in file main.s
   Uses



ARM Macro Assembler    Page 3 Alphabetic symbol ordering
Relocatable symbols

      None
Comment: UART5 unused
UART6 0000002C

Symbol: UART6
   Definitions
      At line 45 in file main.s
   Uses
      None
Comment: UART6 unused
UART7 00000030

Symbol: UART7
   Definitions
      At line 46 in file main.s
   Uses
      None
Comment: UART7 unused
initUart 00000080

Symbol: initUart
   Definitions
      At line 132 in file main.s
   Uses
      At line 115 in file main.s
Comment: initUart used once
wait 00000076

Symbol: wait
   Definitions
      At line 124 in file main.s
   Uses
      At line 127 in file main.s
Comment: wait used once
19 symbols



ARM Macro Assembler    Page 1 Alphabetic symbol ordering
Absolute symbols

GPIOAFSEL 00000420

Symbol: GPIOAFSEL
   Definitions
      At line 66 in file main.s
   Uses
      At line 107 in file main.s
Comment: GPIOAFSEL used once
GPIOCR 00000524

Symbol: GPIOCR
   Definitions
      At line 75 in file main.s
   Uses
      None
Comment: GPIOCR unused
GPIODATA 000003FC

Symbol: GPIODATA
   Definitions
      At line 58 in file main.s
   Uses
      None
Comment: GPIODATA unused
GPIODEN 0000051C

Symbol: GPIODEN
   Definitions
      At line 73 in file main.s
   Uses
      At line 108 in file main.s
Comment: GPIODEN used once
GPIODIR 00000400

Symbol: GPIODIR
   Definitions
      At line 59 in file main.s
   Uses
      None
Comment: GPIODIR unused
GPIODR2R 00000500

Symbol: GPIODR2R
   Definitions
      At line 67 in file main.s
   Uses
      At line 109 in file main.s
Comment: GPIODR2R used once
GPIODR4R 00000504

Symbol: GPIODR4R
   Definitions
      At line 68 in file main.s
   Uses
      None
Comment: GPIODR4R unused
GPIODR8R 00000508

Symbol: GPIODR8R



ARM Macro Assembler    Page 2 Alphabetic symbol ordering
Absolute symbols

   Definitions
      At line 69 in file main.s
   Uses
      None
Comment: GPIODR8R unused
GPIOIBE 00000408

Symbol: GPIOIBE
   Definitions
      At line 61 in file main.s
   Uses
      None
Comment: GPIOIBE unused
GPIOIEV 0000040C

Symbol: GPIOIEV
   Definitions
      At line 62 in file main.s
   Uses
      None
Comment: GPIOIEV unused
GPIOIM 00000410

Symbol: GPIOIM
   Definitions
      At line 63 in file main.s
   Uses
      None
Comment: GPIOIM unused
GPIOIS 00000404

Symbol: GPIOIS
   Definitions
      At line 60 in file main.s
   Uses
      None
Comment: GPIOIS unused
GPIOLOCK 00000520

Symbol: GPIOLOCK
   Definitions
      At line 74 in file main.s
   Uses
      None
Comment: GPIOLOCK unused
GPIOMIS 00000418

Symbol: GPIOMIS
   Definitions
      At line 65 in file main.s
   Uses
      None
Comment: GPIOMIS unused
GPIOODR 0000050C

Symbol: GPIOODR
   Definitions
      At line 70 in file main.s
   Uses



ARM Macro Assembler    Page 3 Alphabetic symbol ordering
Absolute symbols

      None
Comment: GPIOODR unused
GPIOPCTL 0000052C

Symbol: GPIOPCTL
   Definitions
      At line 76 in file main.s
   Uses
      At line 111 in file main.s
Comment: GPIOPCTL used once
GPIOPDR 00000514

Symbol: GPIOPDR
   Definitions
      At line 72 in file main.s
   Uses
      None
Comment: GPIOPDR unused
GPIOPUR 00000510

Symbol: GPIOPUR
   Definitions
      At line 71 in file main.s
   Uses
      None
Comment: GPIOPUR unused
GPIORIS 00000414

Symbol: GPIORIS
   Definitions
      At line 64 in file main.s
   Uses
      None
Comment: GPIORIS unused
RCGCGPIO 00000618

Symbol: RCGCGPIO
   Definitions
      At line 54 in file main.s
   Uses
      At line 103 in file main.s
Comment: RCGCGPIO used once
RCGCUART 00000608

Symbol: RCGCUART
   Definitions
      At line 55 in file main.s
   Uses
      At line 102 in file main.s
Comment: RCGCUART used once
UARTCC 00000FC8

Symbol: UARTCC
   Definitions
      At line 92 in file main.s
   Uses
      At line 152 in file main.s
Comment: UARTCC used once
UARTCTL 00000030



ARM Macro Assembler    Page 4 Alphabetic symbol ordering
Absolute symbols


Symbol: UARTCTL
   Definitions
      At line 86 in file main.s
   Uses
      At line 133 in file main.s
      At line 136 in file main.s

UARTDR 00000000

Symbol: UARTDR
   Definitions
      At line 79 in file main.s
   Uses
      At line 119 in file main.s
Comment: UARTDR used once
UARTFBRD 00000028

Symbol: UARTFBRD
   Definitions
      At line 84 in file main.s
   Uses
      At line 145 in file main.s
Comment: UARTFBRD used once
UARTFR 00000018

Symbol: UARTFR
   Definitions
      At line 81 in file main.s
   Uses
      At line 125 in file main.s
Comment: UARTFR used once
UARTIBRD 00000024

Symbol: UARTIBRD
   Definitions
      At line 83 in file main.s
   Uses
      At line 141 in file main.s
Comment: UARTIBRD used once
UARTICR 00000044

Symbol: UARTICR
   Definitions
      At line 91 in file main.s
   Uses
      None
Comment: UARTICR unused
UARTIFLS 00000034

Symbol: UARTIFLS
   Definitions
      At line 87 in file main.s
   Uses
      None
Comment: UARTIFLS unused
UARTILPR 00000020

Symbol: UARTILPR



ARM Macro Assembler    Page 5 Alphabetic symbol ordering
Absolute symbols

   Definitions
      At line 82 in file main.s
   Uses
      None
Comment: UARTILPR unused
UARTIM 00000038

Symbol: UARTIM
   Definitions
      At line 88 in file main.s
   Uses
      None
Comment: UARTIM unused
UARTLCRH 0000002C

Symbol: UARTLCRH
   Definitions
      At line 85 in file main.s
   Uses
      At line 149 in file main.s
Comment: UARTLCRH used once
UARTMIS 00000040

Symbol: UARTMIS
   Definitions
      At line 90 in file main.s
   Uses
      None
Comment: UARTMIS unused
UARTRIS 0000003C

Symbol: UARTRIS
   Definitions
      At line 89 in file main.s
   Uses
      None
Comment: UARTRIS unused
UARTRSR 00000004

Symbol: UARTRSR
   Definitions
      At line 80 in file main.s
   Uses
      None
Comment: UARTRSR unused
35 symbols
387 symbols in table
